This file contains any messages produced by compilers while
running configure, to aid debugging if configure makes a mistake.

It was created by configure, which was
generated by GNU Autoconf 2.69.  Invocation command line was

  $ ./configure --with-odbc-libdir= --with-odbc-incdir= --with-mysql-libdir= --with-mysql-incdir= --with-mysqlembedded-libdir= --with-mysqlembedded-incdir=

## --------- ##
## Platform. ##
## --------- ##

hostname = kenobi
uname -m = x86_64
uname -r = 6.14.7-arch2-1
uname -s = Linux
uname -v = #1 SMP PREEMPT_DYNAMIC Thu, 22 May 2025 05:37:49 +0000

/usr/bin/uname -p = unknown
/bin/uname -X     = unknown

/bin/arch              = unknown
/usr/bin/arch -k       = unknown
/usr/convex/getsysinfo = unknown
/usr/bin/hostinfo      = unknown
/bin/machine           = unknown
/usr/bin/oslevel       = unknown
/bin/universe          = unknown

PATH: /home/ematos/miniconda3/condabin
PATH: /usr/local/sbin
PATH: /usr/local/bin
PATH: /usr/bin
PATH: /opt/cuda/bin
PATH: /opt/cuda/nsight_compute
PATH: /opt/cuda/nsight_systems/bin
PATH: /usr/lib/jvm/default/bin
PATH: /usr/bin/site_perl
PATH: /usr/bin/vendor_perl
PATH: /usr/bin/core_perl


## ----------- ##
## Core tests. ##
## ----------- ##

configure:2139: checking build system type
configure:2153: result: x86_64-pc-linux-gnu
configure:2173: checking host system type
configure:2186: result: x86_64-pc-linux-gnu
configure:2303: checking for gcc
configure:2319: found /usr/bin/gcc
configure:2330: result: gcc
configure:2559: checking for C compiler version
configure:2568: gcc --version >&5
gcc (GCC) 15.1.1 20250425
Copyright (C) 2025 Free Software Foundation, Inc.
This is free software; see the source for copying conditions.  There is NO
warranty; not even for MERCHANTABILITY or FITNESS FOR A PARTICULAR PURPOSE.

configure:2579: $? = 0
configure:2568: gcc -v >&5
Using built-in specs.
COLLECT_GCC=gcc
COLLECT_LTO_WRAPPER=/usr/lib/gcc/x86_64-pc-linux-gnu/15.1.1/lto-wrapper
Target: x86_64-pc-linux-gnu
Configured with: /build/gcc/src/gcc/configure --enable-languages=ada,c,c++,d,fortran,go,lto,m2,objc,obj-c++,rust,cobol --enable-bootstrap --prefix=/usr --libdir=/usr/lib --libexecdir=/usr/lib --mandir=/usr/share/man --infodir=/usr/share/info --with-bugurl=https://gitlab.archlinux.org/archlinux/packaging/packages/gcc/-/issues --with-build-config=bootstrap-lto --with-linker-hash-style=gnu --with-system-zlib --enable-__cxa_atexit --enable-cet=auto --enable-checking=release --enable-clocale=gnu --enable-default-pie --enable-default-ssp --enable-gnu-indirect-function --enable-gnu-unique-object --enable-libstdcxx-backtrace --enable-link-serialization=1 --enable-linker-build-id --enable-lto --enable-multilib --enable-plugin --enable-shared --enable-threads=posix --disable-libssp --disable-libstdcxx-pch --disable-werror
Thread model: posix
Supported LTO compression algorithms: zlib zstd
gcc version 15.1.1 20250425 (GCC) 
configure:2579: $? = 0
configure:2568: gcc -V >&5
gcc: error: unrecognized command-line option '-V'
gcc: fatal error: no input files
compilation terminated.
configure:2579: $? = 1
configure:2568: gcc -qversion >&5
gcc: error: unrecognized command-line option '-qversion'; did you mean '--version'?
gcc: fatal error: no input files
compilation terminated.
configure:2579: $? = 1
configure:2599: checking whether the C compiler works
configure:2621: gcc    conftest.c  >&5
configure:2625: $? = 0
configure:2673: result: yes
configure:2676: checking for C compiler default output file name
configure:2678: result: a.out
configure:2684: checking for suffix of executables
configure:2691: gcc -o conftest    conftest.c  >&5
configure:2695: $? = 0
configure:2717: result: 
configure:2739: checking whether we are cross compiling
configure:2747: gcc -o conftest    conftest.c  >&5
configure:2751: $? = 0
configure:2758: ./conftest
configure:2762: $? = 0
configure:2777: result: no
configure:2782: checking for suffix of object files
configure:2804: gcc -c   conftest.c >&5
configure:2808: $? = 0
configure:2829: result: o
configure:2833: checking whether we are using the GNU C compiler
configure:2852: gcc -c   conftest.c >&5
configure:2852: $? = 0
configure:2861: result: yes
configure:2870: checking whether gcc accepts -g
configure:2890: gcc -c -g  conftest.c >&5
configure:2890: $? = 0
configure:2931: result: yes
configure:2948: checking for gcc option to accept ISO C89
configure:3011: gcc  -c -g -O2  conftest.c >&5
conftest.c: In function 'e':
conftest.c:15:14: warning: old-style function definition [-Wold-style-definition]
   15 | static char *e (p, i)
      |              ^
configure:3011: $? = 0
configure:3024: result: none needed
configure:3045: checking for main in -lmysqld
configure:3064: gcc -o conftest -g -O2   conftest.c -lmysqld   >&5
configure:3064: $? = 0
configure:3073: result: yes
configure:3104: checking how to run the C preprocessor
configure:3135: gcc -E -I/usr/include/mysql -I/usr/include/mysql/mysql -D_THREAD_SAFE -D_REENTRANT  conftest.c
configure:3135: $? = 0
configure:3149: gcc -E -I/usr/include/mysql -I/usr/include/mysql/mysql -D_THREAD_SAFE -D_REENTRANT  conftest.c
conftest.c:10:10: fatal error: ac_nonexistent.h: No such file or directory
   10 | #include <ac_nonexistent.h>
      |          ^~~~~~~~~~~~~~~~~~
compilation terminated.
configure:3149: $? = 1
configure: failed program was:
| /* confdefs.h */
| #define PACKAGE_NAME ""
| #define PACKAGE_TARNAME ""
| #define PACKAGE_VERSION ""
| #define PACKAGE_STRING ""
| #define PACKAGE_BUGREPORT ""
| #define PACKAGE_URL ""
| #define HAVE_LIBMYSQLD 1
| /* end confdefs.h.  */
| #include <ac_nonexistent.h>
configure:3174: result: gcc -E
configure:3194: gcc -E -I/usr/include/mysql -I/usr/include/mysql/mysql -D_THREAD_SAFE -D_REENTRANT  conftest.c
configure:3194: $? = 0
configure:3208: gcc -E -I/usr/include/mysql -I/usr/include/mysql/mysql -D_THREAD_SAFE -D_REENTRANT  conftest.c
conftest.c:10:10: fatal error: ac_nonexistent.h: No such file or directory
   10 | #include <ac_nonexistent.h>
      |          ^~~~~~~~~~~~~~~~~~
compilation terminated.
configure:3208: $? = 1
configure: failed program was:
| /* confdefs.h */
| #define PACKAGE_NAME ""
| #define PACKAGE_TARNAME ""
| #define PACKAGE_VERSION ""
| #define PACKAGE_STRING ""
| #define PACKAGE_BUGREPORT ""
| #define PACKAGE_URL ""
| #define HAVE_LIBMYSQLD 1
| /* end confdefs.h.  */
| #include <ac_nonexistent.h>
configure:3237: checking for grep that handles long lines and -e
configure:3295: result: /usr/bin/grep
configure:3300: checking for egrep
configure:3362: result: /usr/bin/grep -E
configure:3367: checking for ANSI C header files
configure:3387: gcc -c -g -W -Wall -I/usr/include/mysql -I/usr/include/mysql/mysql -g -O2 -I/usr/include/mysql -I/usr/include/mysql/mysql -D_THREAD_SAFE -D_REENTRANT  conftest.c >&5
configure:3387: $? = 0
configure:3460: gcc -o conftest -g -W -Wall -I/usr/include/mysql -I/usr/include/mysql/mysql -g -O2 -I/usr/include/mysql -I/usr/include/mysql/mysql -D_THREAD_SAFE -D_REENTRANT  -L/usr/lib/ -lmariadbd -lz -ldl -lm -lssl -lcrypto  conftest.c -lmysqld  >&5
configure:3460: $? = 0
configure:3460: ./conftest
configure:3460: $? = 0
configure:3471: result: yes
configure:3484: checking for sys/types.h
configure:3484: gcc -c -g -W -Wall -I/usr/include/mysql -I/usr/include/mysql/mysql -g -O2 -I/usr/include/mysql -I/usr/include/mysql/mysql -D_THREAD_SAFE -D_REENTRANT  conftest.c >&5
configure:3484: $? = 0
configure:3484: result: yes
configure:3484: checking for sys/stat.h
configure:3484: gcc -c -g -W -Wall -I/usr/include/mysql -I/usr/include/mysql/mysql -g -O2 -I/usr/include/mysql -I/usr/include/mysql/mysql -D_THREAD_SAFE -D_REENTRANT  conftest.c >&5
configure:3484: $? = 0
configure:3484: result: yes
configure:3484: checking for stdlib.h
configure:3484: gcc -c -g -W -Wall -I/usr/include/mysql -I/usr/include/mysql/mysql -g -O2 -I/usr/include/mysql -I/usr/include/mysql/mysql -D_THREAD_SAFE -D_REENTRANT  conftest.c >&5
configure:3484: $? = 0
configure:3484: result: yes
configure:3484: checking for string.h
configure:3484: gcc -c -g -W -Wall -I/usr/include/mysql -I/usr/include/mysql/mysql -g -O2 -I/usr/include/mysql -I/usr/include/mysql/mysql -D_THREAD_SAFE -D_REENTRANT  conftest.c >&5
configure:3484: $? = 0
configure:3484: result: yes
configure:3484: checking for memory.h
configure:3484: gcc -c -g -W -Wall -I/usr/include/mysql -I/usr/include/mysql/mysql -g -O2 -I/usr/include/mysql -I/usr/include/mysql/mysql -D_THREAD_SAFE -D_REENTRANT  conftest.c >&5
configure:3484: $? = 0
configure:3484: result: yes
configure:3484: checking for strings.h
configure:3484: gcc -c -g -W -Wall -I/usr/include/mysql -I/usr/include/mysql/mysql -g -O2 -I/usr/include/mysql -I/usr/include/mysql/mysql -D_THREAD_SAFE -D_REENTRANT  conftest.c >&5
configure:3484: $? = 0
configure:3484: result: yes
configure:3484: checking for inttypes.h
configure:3484: gcc -c -g -W -Wall -I/usr/include/mysql -I/usr/include/mysql/mysql -g -O2 -I/usr/include/mysql -I/usr/include/mysql/mysql -D_THREAD_SAFE -D_REENTRANT  conftest.c >&5
configure:3484: $? = 0
configure:3484: result: yes
configure:3484: checking for stdint.h
configure:3484: gcc -c -g -W -Wall -I/usr/include/mysql -I/usr/include/mysql/mysql -g -O2 -I/usr/include/mysql -I/usr/include/mysql/mysql -D_THREAD_SAFE -D_REENTRANT  conftest.c >&5
configure:3484: $? = 0
configure:3484: result: yes
configure:3484: checking for unistd.h
configure:3484: gcc -c -g -W -Wall -I/usr/include/mysql -I/usr/include/mysql/mysql -g -O2 -I/usr/include/mysql -I/usr/include/mysql/mysql -D_THREAD_SAFE -D_REENTRANT  conftest.c >&5
configure:3484: $? = 0
configure:3484: result: yes
configure:3499: checking mysql.h usability
configure:3499: gcc -c -g -W -Wall -I/usr/include/mysql -I/usr/include/mysql/mysql -g -O2 -I/usr/include/mysql -I/usr/include/mysql/mysql -D_THREAD_SAFE -D_REENTRANT  conftest.c >&5
configure:3499: $? = 0
configure:3499: result: yes
configure:3499: checking mysql.h presence
configure:3499: gcc -E -I/usr/include/mysql -I/usr/include/mysql/mysql -D_THREAD_SAFE -D_REENTRANT  conftest.c
configure:3499: $? = 0
configure:3499: result: yes
configure:3499: checking for mysql.h
configure:3499: result: yes
configure:3685: creating ./config.status

## ---------------------- ##
## Running config.status. ##
## ---------------------- ##

This file was extended by config.status, which was
generated by GNU Autoconf 2.69.  Invocation command line was

  CONFIG_FILES    = 
  CONFIG_HEADERS  = 
  CONFIG_LINKS    = 
  CONFIG_COMMANDS = 
  $ ./config.status 

on kenobi

config.status:733: creating mysqlembedded_init.P

## ---------------- ##
## Cache variables. ##
## ---------------- ##

ac_cv_build=x86_64-pc-linux-gnu
ac_cv_c_compiler_gnu=yes
ac_cv_env_CC_set=
ac_cv_env_CC_value=
ac_cv_env_CFLAGS_set=
ac_cv_env_CFLAGS_value=
ac_cv_env_CPPFLAGS_set=
ac_cv_env_CPPFLAGS_value=
ac_cv_env_CPP_set=
ac_cv_env_CPP_value=
ac_cv_env_LDFLAGS_set=
ac_cv_env_LDFLAGS_value=
ac_cv_env_LIBS_set=
ac_cv_env_LIBS_value=
ac_cv_env_build_alias_set=
ac_cv_env_build_alias_value=
ac_cv_env_host_alias_set=
ac_cv_env_host_alias_value=
ac_cv_env_target_alias_set=
ac_cv_env_target_alias_value=
ac_cv_header_inttypes_h=yes
ac_cv_header_memory_h=yes
ac_cv_header_mysql_h=yes
ac_cv_header_stdc=yes
ac_cv_header_stdint_h=yes
ac_cv_header_stdlib_h=yes
ac_cv_header_string_h=yes
ac_cv_header_strings_h=yes
ac_cv_header_sys_stat_h=yes
ac_cv_header_sys_types_h=yes
ac_cv_header_unistd_h=yes
ac_cv_host=x86_64-pc-linux-gnu
ac_cv_lib_mysqld_main=yes
ac_cv_objext=o
ac_cv_path_EGREP='/usr/bin/grep -E'
ac_cv_path_GREP=/usr/bin/grep
ac_cv_prog_CPP='gcc -E'
ac_cv_prog_ac_ct_CC=gcc
ac_cv_prog_cc_c89=
ac_cv_prog_cc_g=yes

## ----------------- ##
## Output variables. ##
## ----------------- ##

CC='gcc'
CFLAGS='-g -W -Wall -I/usr/include/mysql -I/usr/include/mysql/mysql -g -O2'
CPP='gcc -E'
CPPFLAGS='-I/usr/include/mysql -I/usr/include/mysql/mysql -D_THREAD_SAFE -D_REENTRANT '
DEFS='-DPACKAGE_NAME=\"\" -DPACKAGE_TARNAME=\"\" -DPACKAGE_VERSION=\"\" -DPACKAGE_STRING=\"\" -DPACKAGE_BUGREPORT=\"\" -DPACKAGE_URL=\"\" -DHAVE_LIBMYSQLD=1 -DSTDC_HEADERS=1 -DHAVE_SYS_TYPES_H=1 -DHAVE_SYS_STAT_H=1 -DHAVE_STDLIB_H=1 -DHAVE_STRING_H=1 -DHAVE_MEMORY_H=1 -DHAVE_STRINGS_H=1 -DHAVE_INTTYPES_H=1 -DHAVE_STDINT_H=1 -DHAVE_UNISTD_H=1 -DHAVE_MYSQL_H=1'
ECHO_C=''
ECHO_N='-n'
ECHO_T=''
EGREP='/usr/bin/grep -E'
EXEEXT=''
GREP='/usr/bin/grep'
LDFLAGS='-L/usr/lib/ -lmariadbd -lz -ldl -lm -lssl -lcrypto '
LIBOBJS=''
LIBS='-lmysqld '
LTLIBOBJS=''
OBJEXT='o'
PACKAGE_BUGREPORT=''
PACKAGE_NAME=''
PACKAGE_STRING=''
PACKAGE_TARNAME=''
PACKAGE_URL=''
PACKAGE_VERSION=''
PATH_SEPARATOR=':'
SHELL='/bin/sh'
ac_ct_CC='gcc'
bindir='${exec_prefix}/bin'
build='x86_64-pc-linux-gnu'
build_alias=''
build_cpu='x86_64'
build_os='linux-gnu'
build_vendor='pc'
datadir='${datarootdir}'
datarootdir='${prefix}/share'
docdir='${datarootdir}/doc/${PACKAGE}'
dvidir='${docdir}'
exec_prefix='${prefix}'
host='x86_64-pc-linux-gnu'
host_alias=''
host_cpu='x86_64'
host_os='linux-gnu'
host_vendor='pc'
htmldir='${docdir}'
includedir='${prefix}/include'
infodir='${datarootdir}/info'
libdir='/usr/lib'
libexecdir='${exec_prefix}/libexec'
localedir='${datarootdir}/locale'
localstatedir='${prefix}/var'
mandir='${datarootdir}/man'
oldincludedir='/usr/include'
pdfdir='${docdir}'
prefix='/usr/local'
program_transform_name='s,x,x,'
psdir='${docdir}'
runstatedir='${localstatedir}/run'
sbindir='${exec_prefix}/sbin'
sharedstatedir='${prefix}/com'
support='yes'
sysconfdir='${prefix}/etc'
target_alias=''

## ----------- ##
## confdefs.h. ##
## ----------- ##

/* confdefs.h */
#define PACKAGE_NAME ""
#define PACKAGE_TARNAME ""
#define PACKAGE_VERSION ""
#define PACKAGE_STRING ""
#define PACKAGE_BUGREPORT ""
#define PACKAGE_URL ""
#define HAVE_LIBMYSQLD 1
#define STDC_HEADERS 1
#define HAVE_SYS_TYPES_H 1
#define HAVE_SYS_STAT_H 1
#define HAVE_STDLIB_H 1
#define HAVE_STRING_H 1
#define HAVE_MEMORY_H 1
#define HAVE_STRINGS_H 1
#define HAVE_INTTYPES_H 1
#define HAVE_STDINT_H 1
#define HAVE_UNISTD_H 1
#define HAVE_MYSQL_H 1

configure: exit 0
