This file contains any messages produced by compilers while
running configure, to aid debugging if configure makes a mistake.

It was created by janus_xsb configure 1.0, which was
generated by GNU Autoconf 2.71.  Invocation command line was

  $ ./configure

## --------- ##
## Platform. ##
## --------- ##

hostname = kenobi
uname -m = x86_64
uname -r = 6.10.8-arch1-1
uname -s = Linux
uname -v = #1 SMP PREEMPT_DYNAMIC Wed, 04 Sep 2024 15:16:37 +0000

/usr/bin/uname -p = unknown
/bin/uname -X     = unknown

/bin/arch              = unknown
/usr/bin/arch -k       = unknown
/usr/convex/getsysinfo = unknown
/usr/bin/hostinfo      = unknown
/bin/machine           = unknown
/usr/bin/oslevel       = unknown
/bin/universe          = unknown

PATH: /home/ematos/miniconda3/bin/
PATH: /home/ematos/miniconda3/condabin/
PATH: /usr/local/sbin/
PATH: /usr/local/bin/
PATH: /usr/bin/
PATH: /usr/lib/jvm/default/bin/
PATH: /usr/bin/site_perl/
PATH: /usr/bin/vendor_perl/
PATH: /usr/bin/core_perl/


## ----------- ##
## Core tests. ##
## ----------- ##

configure:2221: checking for python build information
configure:2223: result: 
configure:2234: checking for python3.19m
configure:2269: result: no
configure:2234: checking for python3.19
configure:2269: result: no
configure:2234: checking for python3.18m
configure:2269: result: no
configure:2234: checking for python3.18
configure:2269: result: no
configure:2234: checking for python3.17m
configure:2269: result: no
configure:2234: checking for python3.17
configure:2269: result: no
configure:2234: checking for python3.16m
configure:2269: result: no
configure:2234: checking for python3.16
configure:2269: result: no
configure:2234: checking for python3.15m
configure:2269: result: no
configure:2234: checking for python3.15
configure:2269: result: no
configure:2234: checking for python3.14m
configure:2269: result: no
configure:2234: checking for python3.14
configure:2269: result: no
configure:2234: checking for python3.13m
configure:2269: result: no
configure:2234: checking for python3.13
configure:2269: result: no
configure:2234: checking for python3.12m
configure:2269: result: no
configure:2234: checking for python3.12
configure:2255: found /home/ematos/miniconda3/bin/python3.12
configure:2266: result: python3.12
configure:2320: result:   results of the Python check:
configure:2322: result:     Binary:          python3.12
configure:2324: result:     Devel library:   no
configure:2326: result:     Library:         /home/ematos/miniconda3/lib/python3.12
configure:2328: result:     Extra library:   libpython3.12.a
configure:2330: result:     Include Dir:     /home/ematos/miniconda3/include/python3.12
configure:2458: checking for gcc
configure:2479: found /usr/bin/gcc
configure:2490: result: gcc
configure:2843: checking for C compiler version
configure:2852: gcc --version >&5
gcc (GCC) 14.2.1 20240805
Copyright (C) 2024 Free Software Foundation, Inc.
This is free software; see the source for copying conditions.  There is NO
warranty; not even for MERCHANTABILITY or FITNESS FOR A PARTICULAR PURPOSE.

configure:2863: $? = 0
configure:2852: gcc -v >&5
Using built-in specs.
COLLECT_GCC=gcc
COLLECT_LTO_WRAPPER=/usr/lib/gcc/x86_64-pc-linux-gnu/14.2.1/lto-wrapper
Target: x86_64-pc-linux-gnu
Configured with: /build/gcc/src/gcc/configure --enable-languages=ada,c,c++,d,fortran,go,lto,m2,objc,obj-c++,rust --enable-bootstrap --prefix=/usr --libdir=/usr/lib --libexecdir=/usr/lib --mandir=/usr/share/man --infodir=/usr/share/info --with-bugurl=https://gitlab.archlinux.org/archlinux/packaging/packages/gcc/-/issues --with-build-config=bootstrap-lto --with-linker-hash-style=gnu --with-system-zlib --enable-__cxa_atexit --enable-cet=auto --enable-checking=release --enable-clocale=gnu --enable-default-pie --enable-default-ssp --enable-gnu-indirect-function --enable-gnu-unique-object --enable-libstdcxx-backtrace --enable-link-serialization=1 --enable-linker-build-id --enable-lto --enable-multilib --enable-plugin --enable-shared --enable-threads=posix --disable-libssp --disable-libstdcxx-pch --disable-werror
Thread model: posix
Supported LTO compression algorithms: zlib zstd
gcc version 14.2.1 20240805 (GCC) 
configure:2863: $? = 0
configure:2852: gcc -V >&5
gcc: error: unrecognized command-line option '-V'
gcc: fatal error: no input files
compilation terminated.
configure:2863: $? = 1
configure:2852: gcc -qversion >&5
gcc: error: unrecognized command-line option '-qversion'; did you mean '--version'?
gcc: fatal error: no input files
compilation terminated.
configure:2863: $? = 1
configure:2852: gcc -version >&5
gcc: error: unrecognized command-line option '-version'
gcc: fatal error: no input files
compilation terminated.
configure:2863: $? = 1
configure:2883: checking whether the C compiler works
configure:2905: gcc -I/home/ematos/miniconda3/include/python3.12  -I/home/ematos/miniconda3/include/python3.12   conftest.c  >&5
configure:2909: $? = 0
configure:2959: result: yes
configure:2962: checking for C compiler default output file name
configure:2964: result: a.out
configure:2970: checking for suffix of executables
configure:2977: gcc -o conftest -I/home/ematos/miniconda3/include/python3.12  -I/home/ematos/miniconda3/include/python3.12   conftest.c  >&5
configure:2981: $? = 0
configure:3004: result: 
configure:3026: checking whether we are cross compiling
configure:3034: gcc -o conftest -I/home/ematos/miniconda3/include/python3.12  -I/home/ematos/miniconda3/include/python3.12   conftest.c  >&5
configure:3038: $? = 0
configure:3045: ./conftest
configure:3049: $? = 0
configure:3064: result: no
configure:3069: checking for suffix of object files
configure:3092: gcc -c -I/home/ematos/miniconda3/include/python3.12  -I/home/ematos/miniconda3/include/python3.12  conftest.c >&5
configure:3096: $? = 0
configure:3118: result: o
configure:3122: checking whether the compiler supports GNU C
configure:3142: gcc -c -I/home/ematos/miniconda3/include/python3.12  -I/home/ematos/miniconda3/include/python3.12  conftest.c >&5
configure:3142: $? = 0
configure:3152: result: yes
configure:3163: checking whether gcc accepts -g
configure:3184: gcc -c -g -I/home/ematos/miniconda3/include/python3.12  conftest.c >&5
configure:3184: $? = 0
configure:3228: result: yes
configure:3248: checking for gcc option to enable C11 features
configure:3263: gcc  -c -I/home/ematos/miniconda3/include/python3.12  -I/home/ematos/miniconda3/include/python3.12  conftest.c >&5
configure:3263: $? = 0
configure:3281: result: none needed
configure:3396: checking for stdio.h
configure:3396: gcc -c -I/home/ematos/miniconda3/include/python3.12  -I/home/ematos/miniconda3/include/python3.12  conftest.c >&5
configure:3396: $? = 0
configure:3396: result: yes
configure:3396: checking for stdlib.h
configure:3396: gcc -c -I/home/ematos/miniconda3/include/python3.12  -I/home/ematos/miniconda3/include/python3.12  conftest.c >&5
configure:3396: $? = 0
configure:3396: result: yes
configure:3396: checking for string.h
configure:3396: gcc -c -I/home/ematos/miniconda3/include/python3.12  -I/home/ematos/miniconda3/include/python3.12  conftest.c >&5
configure:3396: $? = 0
configure:3396: result: yes
configure:3396: checking for inttypes.h
configure:3396: gcc -c -I/home/ematos/miniconda3/include/python3.12  -I/home/ematos/miniconda3/include/python3.12  conftest.c >&5
configure:3396: $? = 0
configure:3396: result: yes
configure:3396: checking for stdint.h
configure:3396: gcc -c -I/home/ematos/miniconda3/include/python3.12  -I/home/ematos/miniconda3/include/python3.12  conftest.c >&5
configure:3396: $? = 0
configure:3396: result: yes
configure:3396: checking for strings.h
configure:3396: gcc -c -I/home/ematos/miniconda3/include/python3.12  -I/home/ematos/miniconda3/include/python3.12  conftest.c >&5
configure:3396: $? = 0
configure:3396: result: yes
configure:3396: checking for sys/stat.h
configure:3396: gcc -c -I/home/ematos/miniconda3/include/python3.12  -I/home/ematos/miniconda3/include/python3.12  conftest.c >&5
configure:3396: $? = 0
configure:3396: result: yes
configure:3396: checking for sys/types.h
configure:3396: gcc -c -I/home/ematos/miniconda3/include/python3.12  -I/home/ematos/miniconda3/include/python3.12  conftest.c >&5
configure:3396: $? = 0
configure:3396: result: yes
configure:3396: checking for unistd.h
configure:3396: gcc -c -I/home/ematos/miniconda3/include/python3.12  -I/home/ematos/miniconda3/include/python3.12  conftest.c >&5
configure:3396: $? = 0
configure:3396: result: yes
configure:3423: checking for Python.h
configure:3423: gcc -c -I/home/ematos/miniconda3/include/python3.12  -I/home/ematos/miniconda3/include/python3.12  conftest.c >&5
configure:3423: $? = 0
configure:3423: result: yes
configure:3612: creating ./config.status

## ---------------------- ##
## Running config.status. ##
## ---------------------- ##

This file was extended by janus_xsb config.status 1.0, which was
generated by GNU Autoconf 2.71.  Invocation command line was

  CONFIG_FILES    = 
  CONFIG_HEADERS  = 
  CONFIG_LINKS    = 
  CONFIG_COMMANDS = 
  $ ./config.status 

on kenobi

config.status:732: creating janus_connect_defs.h
configure:5946: creating ./config.status

## ---------------------- ##
## Running config.status. ##
## ---------------------- ##

This file was extended by janus_xsb config.status 1.0, which was
generated by GNU Autoconf 2.71.  Invocation command line was

  CONFIG_FILES    = 
  CONFIG_HEADERS  = 
  CONFIG_LINKS    = 
  CONFIG_COMMANDS = 
  $ ./config.status 

on kenobi

config.status:734: creating janus_connect_defs.h
config.status:734: creating janus_info.P

## ---------------- ##
## Cache variables. ##
## ---------------- ##

ac_cv_c_compiler_gnu=yes
ac_cv_env_CC_set=
ac_cv_env_CC_value=
ac_cv_env_CFLAGS_set=
ac_cv_env_CFLAGS_value=
ac_cv_env_CPPFLAGS_set=
ac_cv_env_CPPFLAGS_value=
ac_cv_env_LDFLAGS_set=
ac_cv_env_LDFLAGS_value=
ac_cv_env_LIBS_set=
ac_cv_env_LIBS_value=
ac_cv_env_build_alias_set=
ac_cv_env_build_alias_value=
ac_cv_env_host_alias_set=
ac_cv_env_host_alias_value=
ac_cv_env_target_alias_set=
ac_cv_env_target_alias_value=
ac_cv_header_Python_h=yes
ac_cv_header_inttypes_h=yes
ac_cv_header_stdint_h=yes
ac_cv_header_stdio_h=yes
ac_cv_header_stdlib_h=yes
ac_cv_header_string_h=yes
ac_cv_header_strings_h=yes
ac_cv_header_sys_stat_h=yes
ac_cv_header_sys_types_h=yes
ac_cv_header_unistd_h=yes
ac_cv_objext=o
ac_cv_prog_PYTHON_BIN=python3.12
ac_cv_prog_ac_ct_CC=gcc
ac_cv_prog_cc_c11=
ac_cv_prog_cc_g=yes
ac_cv_prog_cc_stdc=

## ----------------- ##
## Output variables. ##
## ----------------- ##

CC='gcc'
CFLAGS=''
CPPFLAGS='-I/home/ematos/miniconda3/include/python3.12 '
DEFS='-DPACKAGE_NAME=\"janus_xsb\" -DPACKAGE_TARNAME=\"janus_xsb\" -DPACKAGE_VERSION=\"1.0\" -DPACKAGE_STRING=\"janus_xsb\ 1.0\" -DPACKAGE_BUGREPORT=\"\" -DPACKAGE_URL=\"\" -DHAVE_STDIO_H=1 -DHAVE_STDLIB_H=1 -DHAVE_STRING_H=1 -DHAVE_INTTYPES_H=1 -DHAVE_STDINT_H=1 -DHAVE_STRINGS_H=1 -DHAVE_SYS_STAT_H=1 -DHAVE_SYS_TYPES_H=1 -DHAVE_UNISTD_H=1 -DSTDC_HEADERS=1 -DHAVE_PYTHON_H=1'
ECHO_C=''
ECHO_N='-n'
ECHO_T=''
EXEEXT=''
LDFLAGS=''
LIBOBJS=''
LIBS=''
LTLIBOBJS=''
OBJEXT='o'
PACKAGE_BUGREPORT=''
PACKAGE_NAME='janus_xsb'
PACKAGE_STRING='janus_xsb 1.0'
PACKAGE_TARNAME='janus_xsb'
PACKAGE_URL=''
PACKAGE_VERSION='1.0'
PATH_SEPARATOR=':'
PYTHON_BIN='python3.12'
PYTHON_CONFLIB=''
PYTHON_CONFLIBDIR='.'
PYTHON_CONFLIB_NAME=''
PYTHON_EXTRA_LIB='libpython3.12.a'
PYTHON_INCLUDE_DIR='/home/ematos/miniconda3/include/python3.12'
PYTHON_LIB='/home/ematos/miniconda3/lib/python3.12'
PYTHON_LIBDIR='/home/ematos/miniconda3/lib'
PYTHON_LIB_NAME='python3.12'
SHELL='/bin/sh'
XSBCONFIG_BINDIR='/home/ematos/devel/ergo/xsb-code/XSB/config/x86_64-pc-linux-gnu/bin'
XSBCONFIG_EMUDIR='/home/ematos/devel/ergo/xsb-code/XSB/emu'
XSBCONFIG_LIBDIR='/home/ematos/devel/ergo/xsb-code/XSB/config/x86_64-pc-linux-gnu/lib'
XSB_ROOTDIR='/home/ematos/devel/ergo/xsb-code/XSB'
ac_ct_CC='gcc'
bindir='${exec_prefix}/bin'
build_alias=''
ccflags='-I/home/ematos/devel/ergo/xsb-code/XSB/emu -I/home/ematos/miniconda3/include/python3.12 -lpython3.12 -L/home/ematos/miniconda3/lib -Wl,-rpath=/home/ematos/miniconda3/lib'
datadir='${datarootdir}'
datarootdir='${prefix}/share'
docdir='${datarootdir}/doc/${PACKAGE_TARNAME}'
dvidir='${docdir}'
exec_prefix='${prefix}'
host_alias=''
htmldir='${docdir}'
includedir='${prefix}/include'
infodir='${datarootdir}/info'
ldflags='-lpython3.12 -L/home/ematos/miniconda3/lib'
libdir='${exec_prefix}/lib'
libexecdir='${exec_prefix}/libexec'
localedir='${datarootdir}/locale'
localstatedir='${prefix}/var'
mandir='${datarootdir}/man'
oldincludedir='/usr/include'
pdfdir='${docdir}'
prefix='/usr/local'
program_transform_name='s,x,x,'
psdir='${docdir}'
runflags='-Wl,-rpath=/home/ematos/miniconda3/lib'
runstatedir='${localstatedir}/run'
sbindir='${exec_prefix}/sbin'
sharedstatedir='${prefix}/com'
support='no'
sysconfdir='${prefix}/etc'
target_alias=''

## ----------- ##
## confdefs.h. ##
## ----------- ##

/* confdefs.h */
#define PACKAGE_NAME "janus_xsb"
#define PACKAGE_TARNAME "janus_xsb"
#define PACKAGE_VERSION "1.0"
#define PACKAGE_STRING "janus_xsb 1.0"
#define PACKAGE_BUGREPORT ""
#define PACKAGE_URL ""
#define HAVE_STDIO_H 1
#define HAVE_STDLIB_H 1
#define HAVE_STRING_H 1
#define HAVE_INTTYPES_H 1
#define HAVE_STDINT_H 1
#define HAVE_STRINGS_H 1
#define HAVE_SYS_STAT_H 1
#define HAVE_SYS_TYPES_H 1
#define HAVE_UNISTD_H 1
#define STDC_HEADERS 1
#define HAVE_PYTHON_H 1

configure: exit 0
