This file contains any messages produced by compilers while
running configure, to aid debugging if configure makes a mistake.

It was created by configure, which was
generated by GNU Autoconf 2.69.  Invocation command line was

  $ ./configure --with-odbc-libdir= --with-odbc-incdir= --with-mysql-libdir= --with-mysql-incdir= --with-mysqlembedded-libdir= --with-mysqlembedded-incdir=

## --------- ##
## Platform. ##
## --------- ##

hostname = buildkitsandbox
uname -m = x86_64
uname -r = 6.10.8-arch1-1
uname -s = Linux
uname -v = #1 SMP PREEMPT_DYNAMIC Wed, 04 Sep 2024 15:16:37 +0000

/usr/bin/uname -p = unknown
/bin/uname -X     = unknown

/bin/arch              = x86_64
/usr/bin/arch -k       = unknown
/usr/convex/getsysinfo = unknown
/usr/bin/hostinfo      = unknown
/bin/machine           = unknown
/usr/bin/oslevel       = unknown
/bin/universe          = unknown

PATH: /usr/local/bin
PATH: /usr/local/sbin
PATH: /usr/local/bin
PATH: /usr/sbin
PATH: /usr/bin
PATH: /sbin
PATH: /bin


## ----------- ##
## Core tests. ##
## ----------- ##

configure:2139: checking build system type
configure:2153: result: x86_64-pc-linux-gnu
configure:2173: checking host system type
configure:2186: result: x86_64-pc-linux-gnu
configure:2316: checking for gcc
configure:2332: found /usr/bin/gcc
configure:2343: result: gcc
configure:2572: checking for C compiler version
configure:2581: gcc --version >&5
gcc (Debian 12.2.0-14) 12.2.0
Copyright (C) 2022 Free Software Foundation, Inc.
This is free software; see the source for copying conditions.  There is NO
warranty; not even for MERCHANTABILITY or FITNESS FOR A PARTICULAR PURPOSE.

configure:2592: $? = 0
configure:2581: gcc -v >&5
Using built-in specs.
COLLECT_GCC=gcc
COLLECT_LTO_WRAPPER=/usr/lib/gcc/x86_64-linux-gnu/12/lto-wrapper
OFFLOAD_TARGET_NAMES=nvptx-none:amdgcn-amdhsa
OFFLOAD_TARGET_DEFAULT=1
Target: x86_64-linux-gnu
Configured with: ../src/configure -v --with-pkgversion='Debian 12.2.0-14' --with-bugurl=file:///usr/share/doc/gcc-12/README.Bugs --enable-languages=c,ada,c++,go,d,fortran,objc,obj-c++,m2 --prefix=/usr --with-gcc-major-version-only --program-suffix=-12 --program-prefix=x86_64-linux-gnu- --enable-shared --enable-linker-build-id --libexecdir=/usr/lib --without-included-gettext --enable-threads=posix --libdir=/usr/lib --enable-nls --enable-clocale=gnu --enable-libstdcxx-debug --enable-libstdcxx-time=yes --with-default-libstdcxx-abi=new --enable-gnu-unique-object --disable-vtable-verify --enable-plugin --enable-default-pie --with-system-zlib --enable-libphobos-checking=release --with-target-system-zlib=auto --enable-objc-gc=auto --enable-multiarch --disable-werror --enable-cet --with-arch-32=i686 --with-abi=m64 --with-multilib-list=m32,m64,mx32 --enable-multilib --with-tune=generic --enable-offload-targets=nvptx-none=/build/gcc-12-bTRWOB/gcc-12-12.2.0/debian/tmp-nvptx/usr,amdgcn-amdhsa=/build/gcc-12-bTRWOB/gcc-12-12.2.0/debian/tmp-gcn/usr --enable-offload-defaulted --without-cuda-driver --enable-checking=release --build=x86_64-linux-gnu --host=x86_64-linux-gnu --target=x86_64-linux-gnu
Thread model: posix
Supported LTO compression algorithms: zlib zstd
gcc version 12.2.0 (Debian 12.2.0-14) 
... rest of stderr output deleted ...
configure:2592: $? = 0
configure:2581: gcc -V >&5
gcc: error: unrecognized command-line option '-V'
gcc: fatal error: no input files
compilation terminated.
configure:2592: $? = 1
configure:2581: gcc -qversion >&5
gcc: error: unrecognized command-line option '-qversion'; did you mean '--version'?
gcc: fatal error: no input files
compilation terminated.
configure:2592: $? = 1
configure:2612: checking whether the C compiler works
configure:2634: gcc -I/usr/include/mariadb   -I/usr/include/mariadb  -L/usr/lib/x86_64-linux-gnu  conftest.c  >&5
configure:2638: $? = 0
configure:2686: result: yes
configure:2689: checking for C compiler default output file name
configure:2691: result: a.out
configure:2697: checking for suffix of executables
configure:2704: gcc -o conftest -I/usr/include/mariadb   -I/usr/include/mariadb  -L/usr/lib/x86_64-linux-gnu  conftest.c  >&5
configure:2708: $? = 0
configure:2730: result: 
configure:2752: checking whether we are cross compiling
configure:2760: gcc -o conftest -I/usr/include/mariadb   -I/usr/include/mariadb  -L/usr/lib/x86_64-linux-gnu  conftest.c  >&5
configure:2764: $? = 0
configure:2771: ./conftest
configure:2775: $? = 0
configure:2790: result: no
configure:2795: checking for suffix of object files
configure:2817: gcc -c -I/usr/include/mariadb   -I/usr/include/mariadb  conftest.c >&5
configure:2821: $? = 0
configure:2842: result: o
configure:2846: checking whether we are using the GNU C compiler
configure:2865: gcc -c -I/usr/include/mariadb   -I/usr/include/mariadb  conftest.c >&5
configure:2865: $? = 0
configure:2874: result: yes
configure:2883: checking whether gcc accepts -g
configure:2903: gcc -c -g  -I/usr/include/mariadb  conftest.c >&5
configure:2903: $? = 0
configure:2944: result: yes
configure:2961: checking for gcc option to accept ISO C89
configure:3024: gcc  -c -I/usr/include/mariadb   -I/usr/include/mariadb  conftest.c >&5
configure:3024: $? = 0
configure:3037: result: none needed
configure:3058: checking for main in -lmysqlclient
configure:3077: gcc -o conftest -I/usr/include/mariadb   -I/usr/include/mariadb  -L/usr/lib/x86_64-linux-gnu  conftest.c -lmysqlclient   >&5
configure:3077: $? = 0
configure:3086: result: yes
configure:3104: checking how to run the C preprocessor
configure:3135: gcc -E  -I/usr/include/mariadb  conftest.c
configure:3135: $? = 0
configure:3149: gcc -E  -I/usr/include/mariadb  conftest.c
conftest.c:10:10: fatal error: ac_nonexistent.h: No such file or directory
   10 | #include <ac_nonexistent.h>
      |          ^~~~~~~~~~~~~~~~~~
compilation terminated.
configure:3149: $? = 1
configure: failed program was:
| /* confdefs.h */
| #define PACKAGE_NAME ""
| #define PACKAGE_TARNAME ""
| #define PACKAGE_VERSION ""
| #define PACKAGE_STRING ""
| #define PACKAGE_BUGREPORT ""
| #define PACKAGE_URL ""
| #define HAVE_LIBMYSQLCLIENT 1
| /* end confdefs.h.  */
| #include <ac_nonexistent.h>
configure:3174: result: gcc -E
configure:3194: gcc -E  -I/usr/include/mariadb  conftest.c
configure:3194: $? = 0
configure:3208: gcc -E  -I/usr/include/mariadb  conftest.c
conftest.c:10:10: fatal error: ac_nonexistent.h: No such file or directory
   10 | #include <ac_nonexistent.h>
      |          ^~~~~~~~~~~~~~~~~~
compilation terminated.
configure:3208: $? = 1
configure: failed program was:
| /* confdefs.h */
| #define PACKAGE_NAME ""
| #define PACKAGE_TARNAME ""
| #define PACKAGE_VERSION ""
| #define PACKAGE_STRING ""
| #define PACKAGE_BUGREPORT ""
| #define PACKAGE_URL ""
| #define HAVE_LIBMYSQLCLIENT 1
| /* end confdefs.h.  */
| #include <ac_nonexistent.h>
configure:3237: checking for grep that handles long lines and -e
configure:3295: result: /usr/bin/grep
configure:3300: checking for egrep
configure:3362: result: /usr/bin/grep -E
configure:3367: checking for ANSI C header files
configure:3387: gcc -c -I/usr/include/mariadb   -I/usr/include/mariadb  conftest.c >&5
configure:3387: $? = 0
configure:3460: gcc -o conftest -I/usr/include/mariadb   -I/usr/include/mariadb  -L/usr/lib/x86_64-linux-gnu  conftest.c -lmysqlclient  >&5
configure:3460: $? = 0
configure:3460: ./conftest
configure:3460: $? = 0
configure:3471: result: yes
configure:3484: checking for sys/types.h
configure:3484: gcc -c -I/usr/include/mariadb   -I/usr/include/mariadb  conftest.c >&5
configure:3484: $? = 0
configure:3484: result: yes
configure:3484: checking for sys/stat.h
configure:3484: gcc -c -I/usr/include/mariadb   -I/usr/include/mariadb  conftest.c >&5
configure:3484: $? = 0
configure:3484: result: yes
configure:3484: checking for stdlib.h
configure:3484: gcc -c -I/usr/include/mariadb   -I/usr/include/mariadb  conftest.c >&5
configure:3484: $? = 0
configure:3484: result: yes
configure:3484: checking for string.h
configure:3484: gcc -c -I/usr/include/mariadb   -I/usr/include/mariadb  conftest.c >&5
configure:3484: $? = 0
configure:3484: result: yes
configure:3484: checking for memory.h
configure:3484: gcc -c -I/usr/include/mariadb   -I/usr/include/mariadb  conftest.c >&5
configure:3484: $? = 0
configure:3484: result: yes
configure:3484: checking for strings.h
configure:3484: gcc -c -I/usr/include/mariadb   -I/usr/include/mariadb  conftest.c >&5
configure:3484: $? = 0
configure:3484: result: yes
configure:3484: checking for inttypes.h
configure:3484: gcc -c -I/usr/include/mariadb   -I/usr/include/mariadb  conftest.c >&5
configure:3484: $? = 0
configure:3484: result: yes
configure:3484: checking for stdint.h
configure:3484: gcc -c -I/usr/include/mariadb   -I/usr/include/mariadb  conftest.c >&5
configure:3484: $? = 0
configure:3484: result: yes
configure:3484: checking for unistd.h
configure:3484: gcc -c -I/usr/include/mariadb   -I/usr/include/mariadb  conftest.c >&5
configure:3484: $? = 0
configure:3484: result: yes
configure:3499: checking mysql.h usability
configure:3499: gcc -c -I/usr/include/mariadb   -I/usr/include/mariadb  conftest.c >&5
configure:3499: $? = 0
configure:3499: result: yes
configure:3499: checking mysql.h presence
configure:3499: gcc -E  -I/usr/include/mariadb  conftest.c
configure:3499: $? = 0
configure:3499: result: yes
configure:3499: checking for mysql.h
configure:3499: result: yes
configure:3687: creating ./config.status

## ---------------------- ##
## Running config.status. ##
## ---------------------- ##

This file was extended by config.status, which was
generated by GNU Autoconf 2.69.  Invocation command line was

  CONFIG_FILES    = 
  CONFIG_HEADERS  = 
  CONFIG_LINKS    = 
  CONFIG_COMMANDS = 
  $ ./config.status 

on buildkitsandbox

config.status:: creating mysql_init.P

## ---------------- ##
## Cache variables. ##
## ---------------- ##

ac_cv_build=x86_64-pc-linux-gnu
ac_cv_c_compiler_gnu=yes
ac_cv_env_CC_set=
ac_cv_env_CC_value=
ac_cv_env_CFLAGS_set=
ac_cv_env_CFLAGS_value=
ac_cv_env_CPPFLAGS_set=
ac_cv_env_CPPFLAGS_value=
ac_cv_env_CPP_set=
ac_cv_env_CPP_value=
ac_cv_env_LDFLAGS_set=
ac_cv_env_LDFLAGS_value=
ac_cv_env_LIBS_set=
ac_cv_env_LIBS_value=
ac_cv_env_build_alias_set=
ac_cv_env_build_alias_value=
ac_cv_env_host_alias_set=
ac_cv_env_host_alias_value=
ac_cv_env_target_alias_set=
ac_cv_env_target_alias_value=
ac_cv_header_inttypes_h=yes
ac_cv_header_memory_h=yes
ac_cv_header_mysql_h=yes
ac_cv_header_stdc=yes
ac_cv_header_stdint_h=yes
ac_cv_header_stdlib_h=yes
ac_cv_header_string_h=yes
ac_cv_header_strings_h=yes
ac_cv_header_sys_stat_h=yes
ac_cv_header_sys_types_h=yes
ac_cv_header_unistd_h=yes
ac_cv_host=x86_64-pc-linux-gnu
ac_cv_lib_mysqlclient_main=yes
ac_cv_objext=o
ac_cv_path_EGREP='/usr/bin/grep -E'
ac_cv_path_GREP=/usr/bin/grep
ac_cv_prog_CPP='gcc -E'
ac_cv_prog_ac_ct_CC=gcc
ac_cv_prog_cc_c89=
ac_cv_prog_cc_g=yes

## ----------------- ##
## Output variables. ##
## ----------------- ##

CC='gcc'
CFLAGS='-I/usr/include/mariadb -I/usr/include/mariadb/mysql'
CPP='gcc -E'
CPPFLAGS=' -I/usr/include/mariadb '
DEFS='-DPACKAGE_NAME=\"\" -DPACKAGE_TARNAME=\"\" -DPACKAGE_VERSION=\"\" -DPACKAGE_STRING=\"\" -DPACKAGE_BUGREPORT=\"\" -DPACKAGE_URL=\"\" -DHAVE_LIBMYSQLCLIENT=1 -DSTDC_HEADERS=1 -DHAVE_SYS_TYPES_H=1 -DHAVE_SYS_STAT_H=1 -DHAVE_STDLIB_H=1 -DHAVE_STRING_H=1 -DHAVE_MEMORY_H=1 -DHAVE_STRINGS_H=1 -DHAVE_INTTYPES_H=1 -DHAVE_STDINT_H=1 -DHAVE_UNISTD_H=1 -DHAVE_MYSQL_H=1'
ECHO_C=''
ECHO_N='-n'
ECHO_T=''
EGREP='/usr/bin/grep -E'
EXEEXT=''
GREP='/usr/bin/grep'
LDFLAGS='-L/usr/lib/x86_64-linux-gnu/ -lmariadb'
LIBOBJS=''
LIBS='-lmysqlclient '
LTLIBOBJS=''
OBJEXT='o'
PACKAGE_BUGREPORT=''
PACKAGE_NAME=''
PACKAGE_STRING=''
PACKAGE_TARNAME=''
PACKAGE_URL=''
PACKAGE_VERSION=''
PATH_SEPARATOR=':'
SHELL='/bin/sh'
ac_ct_CC='gcc'
bindir='${exec_prefix}/bin'
build='x86_64-pc-linux-gnu'
build_alias=''
build_cpu='x86_64'
build_os='linux-gnu'
build_vendor='pc'
datadir='${datarootdir}'
datarootdir='${prefix}/share'
docdir='${datarootdir}/doc/${PACKAGE}'
dvidir='${docdir}'
exec_prefix='${prefix}'
host='x86_64-pc-linux-gnu'
host_alias=''
host_cpu='x86_64'
host_os='linux-gnu'
host_vendor='pc'
htmldir='${docdir}'
includedir='${prefix}/include'
infodir='${datarootdir}/info'
libdir='/usr/lib/x86_64-linux-gnu'
libexecdir='${exec_prefix}/libexec'
localedir='${datarootdir}/locale'
localstatedir='${prefix}/var'
mandir='${datarootdir}/man'
oldincludedir='/usr/include'
pdfdir='${docdir}'
prefix='/usr/local'
program_transform_name='s,x,x,'
psdir='${docdir}'
runstatedir='${localstatedir}/run'
sbindir='${exec_prefix}/sbin'
sharedstatedir='${prefix}/com'
support='yes'
sysconfdir='${prefix}/etc'
target_alias=''

## ----------- ##
## confdefs.h. ##
## ----------- ##

/* confdefs.h */
#define PACKAGE_NAME ""
#define PACKAGE_TARNAME ""
#define PACKAGE_VERSION ""
#define PACKAGE_STRING ""
#define PACKAGE_BUGREPORT ""
#define PACKAGE_URL ""
#define HAVE_LIBMYSQLCLIENT 1
#define STDC_HEADERS 1
#define HAVE_SYS_TYPES_H 1
#define HAVE_SYS_STAT_H 1
#define HAVE_STDLIB_H 1
#define HAVE_STRING_H 1
#define HAVE_MEMORY_H 1
#define HAVE_STRINGS_H 1
#define HAVE_INTTYPES_H 1
#define HAVE_STDINT_H 1
#define HAVE_UNISTD_H 1
#define HAVE_MYSQL_H 1

configure: exit 0
