This file contains any messages produced by compilers while
running configure, to aid debugging if configure makes a mistake.

It was created by configure, which was
generated by GNU Autoconf 2.71.  Invocation command line was

  $ ./configure

## --------- ##
## Platform. ##
## --------- ##

hostname = kenobi
uname -m = x86_64
uname -r = 6.10.8-arch1-1
uname -s = Linux
uname -v = #1 SMP PREEMPT_DYNAMIC Wed, 04 Sep 2024 15:16:37 +0000

/usr/bin/uname -p = unknown
/bin/uname -X     = unknown

/bin/arch              = unknown
/usr/bin/arch -k       = unknown
/usr/convex/getsysinfo = unknown
/usr/bin/hostinfo      = unknown
/bin/machine           = unknown
/usr/bin/oslevel       = unknown
/bin/universe          = unknown

PATH: /home/ematos/miniconda3/bin/
PATH: /home/ematos/miniconda3/condabin/
PATH: /usr/local/sbin/
PATH: /usr/local/bin/
PATH: /usr/bin/
PATH: /usr/lib/jvm/default/bin/
PATH: /usr/bin/site_perl/
PATH: /usr/bin/vendor_perl/
PATH: /usr/bin/core_perl/


## ----------- ##
## Core tests. ##
## ----------- ##

configure:3002: looking for aux files: install-sh config.guess config.sub
configure:3015:  trying ./
configure:3026:   ./install-sh found
configure:3044:   ./config.guess found
configure:3044:   ./config.sub found
configure:3916: checking build system type
configure:3931: result: x86_64-pc-linux-gnu
configure:3951: checking host system type
configure:3965: result: x86_64-pc-linux-gnu
configure:4003: checking host system type... x86_64-pc-linux-gnu
configure:4102: checking /home/ematos/devel/ergo/xsb-code/XSB/lib
configure:4104: result: OK
configure:4109: checking /home/ematos/devel/ergo/xsb-code/XSB/syslib
configure:4111: result: OK
configure:4116: checking /home/ematos/devel/ergo/xsb-code/XSB/cmplib
configure:4118: result: OK
configure:4129: checking /home/ematos/devel/ergo/xsb-code/XSB/bin
configure:4131: result: OK
configure:4136: checking /home/ematos/devel/ergo/xsb-code/XSB/config/x86_64-pc-linux-gnu/bin
configure:4138: result: OK
configure:4143: checking /home/ematos/devel/ergo/xsb-code/XSB/config/x86_64-pc-linux-gnu/lib
configure:4145: result: OK
configure:4150: checking /home/ematos/devel/ergo/xsb-code/XSB/config/x86_64-pc-linux-gnu/saved.o
configure:4152: result: OK
configure:4157: checking /home/ematos/devel/ergo/xsb-code/XSB/site/lib
configure:4159: result: OK
configure:4164: checking /home/ematos/devel/ergo/xsb-code/XSB/site/config/x86_64-pc-linux-gnu/lib
configure:4166: result: OK
configure:4171: checking /home/ematos/devel/ergo/xsb-code/XSB/emu
configure:4173: result: OK
configure:4178: checking /home/ematos/devel/ergo/xsb-code/XSB/lib
configure:4180: result: OK
configure:4185: checking /home/ematos/devel/ergo/xsb-code/XSB/syslib
configure:4187: result: OK
configure:4192: checking /home/ematos/devel/ergo/xsb-code/XSB/cmplib
configure:4194: result: OK
configure:4199: checking /home/ematos/devel/ergo/xsb-code/XSB/bin
configure:4201: result: OK
configure:4206: checking /home/ematos/devel/ergo/xsb-code/XSB/build
configure:4208: result: OK
configure:4213: checking /home/ematos/devel/ergo/xsb-code/XSB/config/x86_64-pc-linux-gnu/bin
configure:4215: result: OK
configure:4220: checking /home/ematos/devel/ergo/xsb-code/XSB/config/x86_64-pc-linux-gnu/lib
configure:4222: result: OK
configure:4227: checking /home/ematos/devel/ergo/xsb-code/XSB/config/x86_64-pc-linux-gnu/saved.o
configure:4229: result: OK
configure:4234: checking /home/ematos/devel/ergo/xsb-code/XSB/etc
configure:4236: result: OK
configure:4241: checking /home/ematos/devel/ergo/xsb-code/XSB/packages
configure:4243: result: OK
configure:4248: checking /home/ematos/devel/ergo/xsb-code/XSB/packages/xmc
configure:4250: result: OK
configure:4255: checking /home/ematos/devel/ergo/xsb-code/XSB/examples
configure:4257: result: OK
configure:4262: checking /home/ematos/devel/ergo/xsb-code/XSB/prolog_includes
configure:4264: result: OK
configure:4344: checking for gcc
configure:4365: found /usr/bin/gcc
configure:4376: result: gcc
configure:4729: checking for C compiler version
configure:4738: gcc --version >&5
gcc (GCC) 14.2.1 20240805
Copyright (C) 2024 Free Software Foundation, Inc.
This is free software; see the source for copying conditions.  There is NO
warranty; not even for MERCHANTABILITY or FITNESS FOR A PARTICULAR PURPOSE.

configure:4749: $? = 0
configure:4738: gcc -v >&5
Using built-in specs.
COLLECT_GCC=gcc
COLLECT_LTO_WRAPPER=/usr/lib/gcc/x86_64-pc-linux-gnu/14.2.1/lto-wrapper
Target: x86_64-pc-linux-gnu
Configured with: /build/gcc/src/gcc/configure --enable-languages=ada,c,c++,d,fortran,go,lto,m2,objc,obj-c++,rust --enable-bootstrap --prefix=/usr --libdir=/usr/lib --libexecdir=/usr/lib --mandir=/usr/share/man --infodir=/usr/share/info --with-bugurl=https://gitlab.archlinux.org/archlinux/packaging/packages/gcc/-/issues --with-build-config=bootstrap-lto --with-linker-hash-style=gnu --with-system-zlib --enable-__cxa_atexit --enable-cet=auto --enable-checking=release --enable-clocale=gnu --enable-default-pie --enable-default-ssp --enable-gnu-indirect-function --enable-gnu-unique-object --enable-libstdcxx-backtrace --enable-link-serialization=1 --enable-linker-build-id --enable-lto --enable-multilib --enable-plugin --enable-shared --enable-threads=posix --disable-libssp --disable-libstdcxx-pch --disable-werror
Thread model: posix
Supported LTO compression algorithms: zlib zstd
gcc version 14.2.1 20240805 (GCC) 
configure:4749: $? = 0
configure:4738: gcc -V >&5
gcc: error: unrecognized command-line option '-V'
gcc: fatal error: no input files
compilation terminated.
configure:4749: $? = 1
configure:4738: gcc -qversion >&5
gcc: error: unrecognized command-line option '-qversion'; did you mean '--version'?
gcc: fatal error: no input files
compilation terminated.
configure:4749: $? = 1
configure:4738: gcc -version >&5
gcc: error: unrecognized command-line option '-version'
gcc: fatal error: no input files
compilation terminated.
configure:4749: $? = 1
configure:4769: checking whether the C compiler works
configure:4791: gcc    conftest.c  >&5
configure:4795: $? = 0
configure:4845: result: yes
configure:4848: checking for C compiler default output file name
configure:4850: result: a.out
configure:4856: checking for suffix of executables
configure:4863: gcc -o conftest    conftest.c  >&5
configure:4867: $? = 0
configure:4890: result: 
configure:4912: checking whether we are cross compiling
configure:4920: gcc -o conftest    conftest.c  >&5
configure:4924: $? = 0
configure:4931: ./conftest
configure:4935: $? = 0
configure:4950: result: no
configure:4955: checking for suffix of object files
configure:4978: gcc -c   conftest.c >&5
configure:4982: $? = 0
configure:5004: result: o
configure:5008: checking whether the compiler supports GNU C
configure:5028: gcc -c   conftest.c >&5
configure:5028: $? = 0
configure:5038: result: yes
configure:5049: checking whether gcc accepts -g
configure:5070: gcc -c -g  conftest.c >&5
configure:5070: $? = 0
configure:5114: result: yes
configure:5134: checking for gcc option to enable C11 features
configure:5149: gcc  -c -g -O2  conftest.c >&5
configure:5149: $? = 0
configure:5167: result: none needed
configure:5282: checking how to run the C preprocessor
configure:5308: gcc -E  conftest.c
configure:5308: $? = 0
configure:5323: gcc -E  conftest.c
conftest.c:19:10: fatal error: ac_nonexistent.h: No such file or directory
   19 | #include <ac_nonexistent.h>
      |          ^~~~~~~~~~~~~~~~~~
compilation terminated.
configure:5323: $? = 1
configure: failed program was:
| /* confdefs.h */
| #define PACKAGE_NAME ""
| #define PACKAGE_TARNAME ""
| #define PACKAGE_VERSION ""
| #define PACKAGE_STRING ""
| #define PACKAGE_BUGREPORT ""
| #define PACKAGE_URL ""
| #define CONFIG_INCLUDED 1
| #define ___ALWAYS_TRUE___ 1
| #define XSB_VERSION "5.0.0 (Green Tea)"
| #define RELEASE_DATE 2022-05-15
| #define RELEASE_YEAR 2022
| #define RELEASE_MONTH 5
| #define RELEASE_DAY 15
| #define LOCAL_EVAL 1
| #define GC 1
| #define SLG_GC 1
| /* end confdefs.h.  */
| #include <ac_nonexistent.h>
configure:5350: result: gcc -E
configure:5364: gcc -E  conftest.c
configure:5364: $? = 0
configure:5379: gcc -E  conftest.c
conftest.c:19:10: fatal error: ac_nonexistent.h: No such file or directory
   19 | #include <ac_nonexistent.h>
      |          ^~~~~~~~~~~~~~~~~~
compilation terminated.
configure:5379: $? = 1
configure: failed program was:
| /* confdefs.h */
| #define PACKAGE_NAME ""
| #define PACKAGE_TARNAME ""
| #define PACKAGE_VERSION ""
| #define PACKAGE_STRING ""
| #define PACKAGE_BUGREPORT ""
| #define PACKAGE_URL ""
| #define CONFIG_INCLUDED 1
| #define ___ALWAYS_TRUE___ 1
| #define XSB_VERSION "5.0.0 (Green Tea)"
| #define RELEASE_DATE 2022-05-15
| #define RELEASE_YEAR 2022
| #define RELEASE_MONTH 5
| #define RELEASE_DAY 15
| #define LOCAL_EVAL 1
| #define GC 1
| #define SLG_GC 1
| /* end confdefs.h.  */
| #include <ac_nonexistent.h>
configure:5424: checking for a BSD-compatible install
configure:5497: result: /usr/bin/install -c
configure:5513: checking for stdio.h
configure:5513: gcc -c -g -O2  conftest.c >&5
configure:5513: $? = 0
configure:5513: result: yes
configure:5513: checking for stdlib.h
configure:5513: gcc -c -g -O2  conftest.c >&5
configure:5513: $? = 0
configure:5513: result: yes
configure:5513: checking for string.h
configure:5513: gcc -c -g -O2  conftest.c >&5
configure:5513: $? = 0
configure:5513: result: yes
configure:5513: checking for inttypes.h
configure:5513: gcc -c -g -O2  conftest.c >&5
configure:5513: $? = 0
configure:5513: result: yes
configure:5513: checking for stdint.h
configure:5513: gcc -c -g -O2  conftest.c >&5
configure:5513: $? = 0
configure:5513: result: yes
configure:5513: checking for strings.h
configure:5513: gcc -c -g -O2  conftest.c >&5
configure:5513: $? = 0
configure:5513: result: yes
configure:5513: checking for sys/stat.h
configure:5513: gcc -c -g -O2  conftest.c >&5
configure:5513: $? = 0
configure:5513: result: yes
configure:5513: checking for sys/types.h
configure:5513: gcc -c -g -O2  conftest.c >&5
configure:5513: $? = 0
configure:5513: result: yes
configure:5513: checking for unistd.h
configure:5513: gcc -c -g -O2  conftest.c >&5
configure:5513: $? = 0
configure:5513: result: yes
configure:5513: checking for wchar.h
configure:5513: gcc -c -g -O2  conftest.c >&5
configure:5513: $? = 0
configure:5513: result: yes
configure:5513: checking for minix/config.h
configure:5513: gcc -c -g -O2  conftest.c >&5
conftest.c:57:10: fatal error: minix/config.h: No such file or directory
   57 | #include <minix/config.h>
      |          ^~~~~~~~~~~~~~~~
compilation terminated.
configure:5513: $? = 1
configure: failed program was:
| /* confdefs.h */
| #define PACKAGE_NAME ""
| #define PACKAGE_TARNAME ""
| #define PACKAGE_VERSION ""
| #define PACKAGE_STRING ""
| #define PACKAGE_BUGREPORT ""
| #define PACKAGE_URL ""
| #define CONFIG_INCLUDED 1
| #define ___ALWAYS_TRUE___ 1
| #define XSB_VERSION "5.0.0 (Green Tea)"
| #define RELEASE_DATE 2022-05-15
| #define RELEASE_YEAR 2022
| #define RELEASE_MONTH 5
| #define RELEASE_DAY 15
| #define LOCAL_EVAL 1
| #define GC 1
| #define SLG_GC 1
| #define HAVE_STDIO_H 1
| #define HAVE_STDLIB_H 1
| #define HAVE_STRING_H 1
| #define HAVE_INTTYPES_H 1
| #define HAVE_STDINT_H 1
| #define HAVE_STRINGS_H 1
| #define HAVE_SYS_STAT_H 1
| #define HAVE_SYS_TYPES_H 1
| #define HAVE_UNISTD_H 1
| #define HAVE_WCHAR_H 1
| /* end confdefs.h.  */
| #include <stddef.h>
| #ifdef HAVE_STDIO_H
| # include <stdio.h>
| #endif
| #ifdef HAVE_STDLIB_H
| # include <stdlib.h>
| #endif
| #ifdef HAVE_STRING_H
| # include <string.h>
| #endif
| #ifdef HAVE_INTTYPES_H
| # include <inttypes.h>
| #endif
| #ifdef HAVE_STDINT_H
| # include <stdint.h>
| #endif
| #ifdef HAVE_STRINGS_H
| # include <strings.h>
| #endif
| #ifdef HAVE_SYS_TYPES_H
| # include <sys/types.h>
| #endif
| #ifdef HAVE_SYS_STAT_H
| # include <sys/stat.h>
| #endif
| #ifdef HAVE_UNISTD_H
| # include <unistd.h>
| #endif
| #include <minix/config.h>
configure:5513: result: no
configure:5513: checking for sys/time.h
configure:5513: gcc -c -g -O2  conftest.c >&5
configure:5513: $? = 0
configure:5513: result: yes
configure:5544: checking whether it is safe to define __EXTENSIONS__
configure:5563: gcc -c -g -O2  conftest.c >&5
configure:5563: $? = 0
configure:5571: result: yes
configure:5574: checking whether _XOPEN_SOURCE should be defined
configure:5596: gcc -c -g -O2  conftest.c >&5
configure:5596: $? = 0
configure:5623: result: no
configure:5682: checking for gcc
configure:5703: found /usr/bin/gcc
configure:5715: result: yes
configure:5724: checking whether we are using SunPro C
configure:5735: gcc -c -g -O2  conftest.c >&5
conftest.c:49:2: error: #error Not a SunPro compiler :-(
   49 | #error Not a  SunPro compiler :-(
      |  ^~~~~
conftest.c:50:9: error: expected identifier or '(' before '==' token
   50 | ******* ======= ******** &&&&&&&&
      |         ^~
configure:5735: $? = 1
configure: failed program was:
| /* confdefs.h */
| #define PACKAGE_NAME ""
| #define PACKAGE_TARNAME ""
| #define PACKAGE_VERSION ""
| #define PACKAGE_STRING ""
| #define PACKAGE_BUGREPORT ""
| #define PACKAGE_URL ""
| #define CONFIG_INCLUDED 1
| #define ___ALWAYS_TRUE___ 1
| #define XSB_VERSION "5.0.0 (Green Tea)"
| #define RELEASE_DATE 2022-05-15
| #define RELEASE_YEAR 2022
| #define RELEASE_MONTH 5
| #define RELEASE_DAY 15
| #define LOCAL_EVAL 1
| #define GC 1
| #define SLG_GC 1
| #define HAVE_STDIO_H 1
| #define HAVE_STDLIB_H 1
| #define HAVE_STRING_H 1
| #define HAVE_INTTYPES_H 1
| #define HAVE_STDINT_H 1
| #define HAVE_STRINGS_H 1
| #define HAVE_SYS_STAT_H 1
| #define HAVE_SYS_TYPES_H 1
| #define HAVE_UNISTD_H 1
| #define HAVE_WCHAR_H 1
| #define HAVE_SYS_TIME_H 1
| #define STDC_HEADERS 1
| #define _ALL_SOURCE 1
| #define _DARWIN_C_SOURCE 1
| #define _GNU_SOURCE 1
| #define _HPUX_ALT_XOPEN_SOCKET_API 1
| #define _NETBSD_SOURCE 1
| #define _OPENBSD_SOURCE 1
| #define _POSIX_PTHREAD_SEMANTICS 1
| #define __STDC_WANT_IEC_60559_ATTRIBS_EXT__ 1
| #define __STDC_WANT_IEC_60559_BFP_EXT__ 1
| #define __STDC_WANT_IEC_60559_DFP_EXT__ 1
| #define __STDC_WANT_IEC_60559_FUNCS_EXT__ 1
| #define __STDC_WANT_IEC_60559_TYPES_EXT__ 1
| #define __STDC_WANT_LIB_EXT2__ 1
| #define __STDC_WANT_MATH_SPEC_FUNCS__ 1
| #define _TANDEM_SOURCE 1
| #define __EXTENSIONS__ 1
| /* end confdefs.h.  */
| 
| #ifndef __SUNPRO_C
| #error Not a  SunPro compiler :-(
| ******* ======= ******** &&&&&&&&
| #endif
| 
configure:5742: result: no
configure:5987: updating cache /home/ematos/devel/ergo/xsb-code/XSB/config/x86_64-pc-linux-gnu/config.cache
configure:6072: creating ./config.status

## ---------------------- ##
## Running config.status. ##
## ---------------------- ##

This file was extended by config.status, which was
generated by GNU Autoconf 2.71.  Invocation command line was

  CONFIG_FILES    = 
  CONFIG_HEADERS  = 
  CONFIG_LINKS    = 
  CONFIG_COMMANDS = 
  $ ./config.status 

on kenobi

config.status:808: creating /home/ematos/devel/ergo/xsb-code/XSB/packages/janus/configvars.sh
configure:5979: checking whether make sets $(MAKE)
configure:6002: result: yes
configure:6018: checking size of long int
configure:6024: gcc -o conftest -Wall -pipe -fsigned-char   conftest.c  >&5
configure:6024: $? = 0
configure:6024: ./conftest
configure:6024: $? = 0
configure:6039: result: 8
configure:6103: checking for main in -lm
configure:6123: gcc -o conftest -Wall -pipe -fsigned-char   conftest.c -lm   >&5
conftest.c: In function 'main':
conftest.c:53:1: warning: infinite recursion detected [-Winfinite-recursion]
   53 | main (void)
      | ^~~~
conftest.c:55:8: note: recursive call
   55 | return main ();
      |        ^~~~~~~
configure:6123: $? = 0
configure:6133: result: yes
configure:6147: checking for main in -ldl
configure:6167: gcc -o conftest -Wall -pipe -fsigned-char   conftest.c -ldl  -lm  >&5
conftest.c: In function 'main':
conftest.c:54:1: warning: infinite recursion detected [-Winfinite-recursion]
   54 | main (void)
      | ^~~~
conftest.c:56:8: note: recursive call
   56 | return main ();
      |        ^~~~~~~
configure:6167: $? = 0
configure:6177: result: yes
configure:6189: checking for main in -lnsl
configure:6209: gcc -o conftest -Wall -pipe -fsigned-char   conftest.c -lnsl  -ldl -lm  >&5
conftest.c: In function 'main':
conftest.c:55:1: warning: infinite recursion detected [-Winfinite-recursion]
   55 | main (void)
      | ^~~~
conftest.c:57:8: note: recursive call
   57 | return main ();
      |        ^~~~~~~
configure:6209: $? = 0
configure:6219: result: yes
configure:6231: checking for main in -lpthread
configure:6251: gcc -o conftest -Wall -pipe -fsigned-char   conftest.c -lpthread  -lnsl -ldl -lm  >&5
conftest.c: In function 'main':
conftest.c:56:1: warning: infinite recursion detected [-Winfinite-recursion]
   56 | main (void)
      | ^~~~
conftest.c:58:8: note: recursive call
   58 | return main ();
      |        ^~~~~~~
configure:6251: $? = 0
configure:6261: result: yes
configure:6273: checking for main in -lsocket
configure:6293: gcc -o conftest -Wall -pipe -fsigned-char   conftest.c -lsocket  -lpthread -lnsl -ldl -lm  >&5
conftest.c: In function 'main':
conftest.c:57:1: warning: infinite recursion detected [-Winfinite-recursion]
   57 | main (void)
      | ^~~~
conftest.c:59:8: note: recursive call
   59 | return main ();
      |        ^~~~~~~
/usr/bin/ld: cannot find -lsocket: No such file or directory
collect2: error: ld returned 1 exit status
configure:6293: $? = 1
configure: failed program was:
| /* confdefs.h */
| #define PACKAGE_NAME ""
| #define PACKAGE_TARNAME ""
| #define PACKAGE_VERSION ""
| #define PACKAGE_STRING ""
| #define PACKAGE_BUGREPORT ""
| #define PACKAGE_URL ""
| #define CONFIG_INCLUDED 1
| #define ___ALWAYS_TRUE___ 1
| #define XSB_VERSION "5.0.0 (Green Tea)"
| #define RELEASE_DATE 2022-05-15
| #define RELEASE_YEAR 2022
| #define RELEASE_MONTH 5
| #define RELEASE_DAY 15
| #define LOCAL_EVAL 1
| #define GC 1
| #define SLG_GC 1
| #define HAVE_STDIO_H 1
| #define HAVE_STDLIB_H 1
| #define HAVE_STRING_H 1
| #define HAVE_INTTYPES_H 1
| #define HAVE_STDINT_H 1
| #define HAVE_STRINGS_H 1
| #define HAVE_SYS_STAT_H 1
| #define HAVE_SYS_TYPES_H 1
| #define HAVE_UNISTD_H 1
| #define HAVE_WCHAR_H 1
| #define HAVE_SYS_TIME_H 1
| #define STDC_HEADERS 1
| #define _ALL_SOURCE 1
| #define _DARWIN_C_SOURCE 1
| #define _GNU_SOURCE 1
| #define _HPUX_ALT_XOPEN_SOCKET_API 1
| #define _NETBSD_SOURCE 1
| #define _OPENBSD_SOURCE 1
| #define _POSIX_PTHREAD_SEMANTICS 1
| #define __STDC_WANT_IEC_60559_ATTRIBS_EXT__ 1
| #define __STDC_WANT_IEC_60559_BFP_EXT__ 1
| #define __STDC_WANT_IEC_60559_DFP_EXT__ 1
| #define __STDC_WANT_IEC_60559_FUNCS_EXT__ 1
| #define __STDC_WANT_IEC_60559_TYPES_EXT__ 1
| #define __STDC_WANT_LIB_EXT2__ 1
| #define __STDC_WANT_MATH_SPEC_FUNCS__ 1
| #define _TANDEM_SOURCE 1
| #define __EXTENSIONS__ 1
| #define CC "gcc"
| #define SIZEOF_LONG_INT 8
| #define BITS64 1
| #define HAVE_LIBM 1
| #define HAVE_LIBDL 1
| #define HAVE_LIBNSL 1
| #define HAVE_LIBPTHREAD 1
| /* end confdefs.h.  */
| 
| 
| int
| main (void)
| {
| return main ();
|   ;
|   return 0;
| }
configure:6303: result: no
configure:6316: checking for readline in -lreadline
configure:6339: gcc -o conftest -Wall -pipe -fsigned-char   conftest.c -lreadline  -lpthread -lnsl -ldl -lm  >&5
configure:6339: $? = 0
configure:6349: result: yes
configure:6361: checking for sched_get_priority_max
configure:6361: gcc -o conftest -Wall -pipe -fsigned-char   conftest.c -lpthread -lnsl -ldl -lm  >&5
configure:6361: $? = 0
configure:6361: result: yes
configure:6411: checking for stdarg.h
configure:6411: gcc -c -Wall -pipe -fsigned-char  conftest.c >&5
configure:6411: $? = 0
configure:6411: result: yes
configure:6426: checking for sys/time.h
configure:6426: result: yes
configure:6448: checking for malloc
configure:6448: gcc -o conftest -Wall -pipe -fsigned-char   conftest.c -lpthread -lnsl -ldl -lm  >&5
conftest.c:74:6: warning: conflicting types for built-in function 'malloc'; expected 'void *(long unsigned int)' [-Wbuiltin-declaration-mismatch]
   74 | char malloc ();
      |      ^~~~~~
conftest.c:66:1: note: 'malloc' is declared in header '<stdlib.h>'
   65 | #include <limits.h>
   66 | #undef malloc
configure:6448: $? = 0
configure:6448: result: yes
configure:6464: checking for unistd.h
configure:6464: result: yes
configure:6464: checking for string.h
configure:6464: result: yes
configure:6464: checking for stdlib.h
configure:6464: result: yes
configure:6482: checking for an ANSI C-conforming const
configure:6549: gcc -c -Wall -pipe -fsigned-char  conftest.c >&5
configure:6549: $? = 0
configure:6557: result: yes
configure:6566: checking return type of signal handlers
configure:6585: gcc -c -Wall -pipe -fsigned-char  conftest.c >&5
conftest.c: In function 'main':
conftest.c:68:10: error: void value not ignored as it ought to be
   68 | return *(signal (0, 0)) (0) == 1;
      |         ~^~~~~~~~~~~~~~~~~~
configure:6585: $? = 1
configure: failed program was:
| /* confdefs.h */
| #define PACKAGE_NAME ""
| #define PACKAGE_TARNAME ""
| #define PACKAGE_VERSION ""
| #define PACKAGE_STRING ""
| #define PACKAGE_BUGREPORT ""
| #define PACKAGE_URL ""
| #define CONFIG_INCLUDED 1
| #define ___ALWAYS_TRUE___ 1
| #define XSB_VERSION "5.0.0 (Green Tea)"
| #define RELEASE_DATE 2022-05-15
| #define RELEASE_YEAR 2022
| #define RELEASE_MONTH 5
| #define RELEASE_DAY 15
| #define LOCAL_EVAL 1
| #define GC 1
| #define SLG_GC 1
| #define HAVE_STDIO_H 1
| #define HAVE_STDLIB_H 1
| #define HAVE_STRING_H 1
| #define HAVE_INTTYPES_H 1
| #define HAVE_STDINT_H 1
| #define HAVE_STRINGS_H 1
| #define HAVE_SYS_STAT_H 1
| #define HAVE_SYS_TYPES_H 1
| #define HAVE_UNISTD_H 1
| #define HAVE_WCHAR_H 1
| #define HAVE_SYS_TIME_H 1
| #define STDC_HEADERS 1
| #define _ALL_SOURCE 1
| #define _DARWIN_C_SOURCE 1
| #define _GNU_SOURCE 1
| #define _HPUX_ALT_XOPEN_SOCKET_API 1
| #define _NETBSD_SOURCE 1
| #define _OPENBSD_SOURCE 1
| #define _POSIX_PTHREAD_SEMANTICS 1
| #define __STDC_WANT_IEC_60559_ATTRIBS_EXT__ 1
| #define __STDC_WANT_IEC_60559_BFP_EXT__ 1
| #define __STDC_WANT_IEC_60559_DFP_EXT__ 1
| #define __STDC_WANT_IEC_60559_FUNCS_EXT__ 1
| #define __STDC_WANT_IEC_60559_TYPES_EXT__ 1
| #define __STDC_WANT_LIB_EXT2__ 1
| #define __STDC_WANT_MATH_SPEC_FUNCS__ 1
| #define _TANDEM_SOURCE 1
| #define __EXTENSIONS__ 1
| #define CC "gcc"
| #define SIZEOF_LONG_INT 8
| #define BITS64 1
| #define HAVE_LIBM 1
| #define HAVE_LIBDL 1
| #define HAVE_LIBNSL 1
| #define HAVE_LIBPTHREAD 1
| #define HAVE_READLINE 1
| #define HAVE_STDARG_H 1
| #define HAVE_SYS_TIME_H 1
| #define TIME_WITH_SYS_TIME 1
| #define HAVE_MALLOC 1
| #define HAVE_UNISTD_H 1
| #define HAVE_STRING_H 1
| #define HAVE_STDLIB_H 1
| /* end confdefs.h.  */
| #include <sys/types.h>
| #include <signal.h>
| 
| int
| main (void)
| {
| return *(signal (0, 0)) (0) == 1;
|   ;
|   return 0;
| }
configure:6593: result: void
configure:6603: checking for strdup
configure:6603: gcc -o conftest -Wall -pipe -fsigned-char   conftest.c -lpthread -lnsl -ldl -lm  >&5
conftest.c:79:6: warning: conflicting types for built-in function 'strdup'; expected 'char *(const char *)' [-Wbuiltin-declaration-mismatch]
   79 | char strdup ();
      |      ^~~~~~
configure:6603: $? = 0
configure:6603: result: yes
configure:6603: checking for mkdir
configure:6603: gcc -o conftest -Wall -pipe -fsigned-char   conftest.c -lpthread -lnsl -ldl -lm  >&5
configure:6603: $? = 0
configure:6603: result: yes
configure:6620: checking for gethostbyname
configure:6620: gcc -o conftest -Wall -pipe -fsigned-char   conftest.c -lpthread -lnsl -ldl -lm  >&5
configure:6620: $? = 0
configure:6620: result: yes
configure:6626: checking for gettimeofday
configure:6626: gcc -o conftest -Wall -pipe -fsigned-char   conftest.c -lpthread -lnsl -ldl -lm  >&5
configure:6626: $? = 0
configure:6626: result: yes
configure:6632: checking for socket
configure:6632: gcc -o conftest -Wall -pipe -fsigned-char   conftest.c -lpthread -lnsl -ldl -lm  >&5
configure:6632: $? = 0
configure:6632: result: yes
configure:6638: checking for snprintf
configure:6638: gcc -o conftest -Wall -pipe -fsigned-char   conftest.c -lpthread -lnsl -ldl -lm  >&5
conftest.c:84:6: warning: conflicting types for built-in function 'snprintf'; expected 'int(char *, long unsigned int,  const char *, ...)' [-Wbuiltin-declaration-mismatch]
   84 | char snprintf ();
      |      ^~~~~~~~
conftest.c:76:1: note: 'snprintf' is declared in header '<stdio.h>'
   75 | #include <limits.h>
   76 | #undef snprintf
configure:6638: $? = 0
configure:6638: result: yes
configure:6650: checking for regexec
configure:6650: gcc -o conftest -Wall -pipe -fsigned-char   conftest.c -lpthread -lnsl -ldl -lm  >&5
configure:6650: $? = 0
configure:6650: result: yes
configure:6650: checking for regerror
configure:6650: gcc -o conftest -Wall -pipe -fsigned-char   conftest.c -lpthread -lnsl -ldl -lm  >&5
configure:6650: $? = 0
configure:6650: result: yes
configure:6650: checking for regcomp
configure:6650: gcc -o conftest -Wall -pipe -fsigned-char   conftest.c -lpthread -lnsl -ldl -lm  >&5
configure:6650: $? = 0
configure:6650: result: yes
configure:6666: checking for fnmatch
configure:6666: gcc -o conftest -Wall -pipe -fsigned-char   conftest.c -lpthread -lnsl -ldl -lm  >&5
configure:6666: $? = 0
configure:6666: result: yes
configure:6666: checking for glob
configure:6666: gcc -o conftest -Wall -pipe -fsigned-char   conftest.c -lpthread -lnsl -ldl -lm  >&5
configure:6666: $? = 0
configure:6666: result: yes
configure:6666: checking for globfree
configure:6666: gcc -o conftest -Wall -pipe -fsigned-char   conftest.c -lpthread -lnsl -ldl -lm  >&5
configure:6666: $? = 0
configure:6666: result: yes
configure:6679: checking for execvp
configure:6679: gcc -o conftest -Wall -pipe -fsigned-char   conftest.c -lpthread -lnsl -ldl -lm  >&5
conftest.c:91:6: warning: conflicting types for built-in function 'execvp'; expected 'int(const char *, char * const*)' [-Wbuiltin-declaration-mismatch]
   91 | char execvp ();
      |      ^~~~~~
configure:6679: $? = 0
configure:6679: result: yes
configure:6889: checking for itkwish
configure:6926: result: no
configure:6970: checking whether loader understands -Wl,-export-dynamic
configure:6976: gcc -o conftest -Wall -pipe -fsigned-char  -Wl,-export-dynamic conftest.c  -lpthread -lnsl -ldl -lm  >&5
configure:6976: $? = 0
configure:6984: result: yes
configure:7212: checking for sys/resource.h
configure:7212: gcc -c  -fPIC -Wall -pipe -fsigned-char   conftest.c >&5
configure:7212: $? = 0
configure:7212: result: yes
configure:7242: checking for inline
configure:7259: gcc -c  -fPIC -Wall -pipe -fsigned-char   conftest.c >&5
configure:7259: $? = 0
configure:7268: result: inline
configure:7810: checking for javac
configure:7833: found /usr/bin/javac
configure:7846: result: /usr/bin/javac
configure:7886: checking for jni.h
configure:7886: gcc -c  -O3 -fno-strict-aliasing   -fPIC -Wall -pipe -fsigned-char   conftest.c >&5
conftest.c:111:10: fatal error: jni.h: No such file or directory
  111 | #include <jni.h>
      |          ^~~~~~~
compilation terminated.
configure:7886: $? = 1
configure: failed program was:
| /* confdefs.h */
| #define PACKAGE_NAME ""
| #define PACKAGE_TARNAME ""
| #define PACKAGE_VERSION ""
| #define PACKAGE_STRING ""
| #define PACKAGE_BUGREPORT ""
| #define PACKAGE_URL ""
| #define CONFIG_INCLUDED 1
| #define ___ALWAYS_TRUE___ 1
| #define XSB_VERSION "5.0.0 (Green Tea)"
| #define RELEASE_DATE 2022-05-15
| #define RELEASE_YEAR 2022
| #define RELEASE_MONTH 5
| #define RELEASE_DAY 15
| #define LOCAL_EVAL 1
| #define GC 1
| #define SLG_GC 1
| #define HAVE_STDIO_H 1
| #define HAVE_STDLIB_H 1
| #define HAVE_STRING_H 1
| #define HAVE_INTTYPES_H 1
| #define HAVE_STDINT_H 1
| #define HAVE_STRINGS_H 1
| #define HAVE_SYS_STAT_H 1
| #define HAVE_SYS_TYPES_H 1
| #define HAVE_UNISTD_H 1
| #define HAVE_WCHAR_H 1
| #define HAVE_SYS_TIME_H 1
| #define STDC_HEADERS 1
| #define _ALL_SOURCE 1
| #define _DARWIN_C_SOURCE 1
| #define _GNU_SOURCE 1
| #define _HPUX_ALT_XOPEN_SOCKET_API 1
| #define _NETBSD_SOURCE 1
| #define _OPENBSD_SOURCE 1
| #define _POSIX_PTHREAD_SEMANTICS 1
| #define __STDC_WANT_IEC_60559_ATTRIBS_EXT__ 1
| #define __STDC_WANT_IEC_60559_BFP_EXT__ 1
| #define __STDC_WANT_IEC_60559_DFP_EXT__ 1
| #define __STDC_WANT_IEC_60559_FUNCS_EXT__ 1
| #define __STDC_WANT_IEC_60559_TYPES_EXT__ 1
| #define __STDC_WANT_LIB_EXT2__ 1
| #define __STDC_WANT_MATH_SPEC_FUNCS__ 1
| #define _TANDEM_SOURCE 1
| #define __EXTENSIONS__ 1
| #define CC "gcc"
| #define SIZEOF_LONG_INT 8
| #define BITS64 1
| #define HAVE_LIBM 1
| #define HAVE_LIBDL 1
| #define HAVE_LIBNSL 1
| #define HAVE_LIBPTHREAD 1
| #define HAVE_READLINE 1
| #define HAVE_STDARG_H 1
| #define HAVE_SYS_TIME_H 1
| #define TIME_WITH_SYS_TIME 1
| #define HAVE_MALLOC 1
| #define HAVE_UNISTD_H 1
| #define HAVE_STRING_H 1
| #define HAVE_STDLIB_H 1
| #define RETSIGTYPE void
| #define HAVE_STRDUP 1
| #define HAVE_MKDIR 1
| #define HAVE_GETHOSTBYNAME 1
| #define HAVE_GETTIMEOFDAY 1
| #define HAVE_SOCKET 1
| #define HAVE_SNPRINTF 1
| #define HAVE_REGEXEC 1
| #define HAVE_REGERROR 1
| #define HAVE_REGCOMP 1
| #define HAVE_FNMATCH 1
| #define HAVE_GLOB 1
| #define HAVE_GLOBFREE 1
| #define HAVE_EXECVP 1
| #define JUMPTABLE_EMULOOP 1
| #define INSN_BLOCKS 1
| #define LINUX 1
| #define _GNU_SOURCE 1
| #define LINUX_ELF 1
| #define FOREIGN_ELF 1
| #define HAVE_SYS_RESOURCE_H 1
| /* end confdefs.h.  */
| #include <stddef.h>
| #ifdef HAVE_STDIO_H
| # include <stdio.h>
| #endif
| #ifdef HAVE_STDLIB_H
| # include <stdlib.h>
| #endif
| #ifdef HAVE_STRING_H
| # include <string.h>
| #endif
| #ifdef HAVE_INTTYPES_H
| # include <inttypes.h>
| #endif
| #ifdef HAVE_STDINT_H
| # include <stdint.h>
| #endif
| #ifdef HAVE_STRINGS_H
| # include <strings.h>
| #endif
| #ifdef HAVE_SYS_TYPES_H
| # include <sys/types.h>
| #endif
| #ifdef HAVE_SYS_STAT_H
| # include <sys/stat.h>
| #endif
| #ifdef HAVE_UNISTD_H
| # include <unistd.h>
| #endif
| #include <jni.h>
configure:7886: result: no
configure:7886: checking for jni_md.h
configure:7886: gcc -c  -O3 -fno-strict-aliasing   -fPIC -Wall -pipe -fsigned-char   conftest.c >&5
conftest.c:111:10: fatal error: jni_md.h: No such file or directory
  111 | #include <jni_md.h>
      |          ^~~~~~~~~~
compilation terminated.
configure:7886: $? = 1
configure: failed program was:
| /* confdefs.h */
| #define PACKAGE_NAME ""
| #define PACKAGE_TARNAME ""
| #define PACKAGE_VERSION ""
| #define PACKAGE_STRING ""
| #define PACKAGE_BUGREPORT ""
| #define PACKAGE_URL ""
| #define CONFIG_INCLUDED 1
| #define ___ALWAYS_TRUE___ 1
| #define XSB_VERSION "5.0.0 (Green Tea)"
| #define RELEASE_DATE 2022-05-15
| #define RELEASE_YEAR 2022
| #define RELEASE_MONTH 5
| #define RELEASE_DAY 15
| #define LOCAL_EVAL 1
| #define GC 1
| #define SLG_GC 1
| #define HAVE_STDIO_H 1
| #define HAVE_STDLIB_H 1
| #define HAVE_STRING_H 1
| #define HAVE_INTTYPES_H 1
| #define HAVE_STDINT_H 1
| #define HAVE_STRINGS_H 1
| #define HAVE_SYS_STAT_H 1
| #define HAVE_SYS_TYPES_H 1
| #define HAVE_UNISTD_H 1
| #define HAVE_WCHAR_H 1
| #define HAVE_SYS_TIME_H 1
| #define STDC_HEADERS 1
| #define _ALL_SOURCE 1
| #define _DARWIN_C_SOURCE 1
| #define _GNU_SOURCE 1
| #define _HPUX_ALT_XOPEN_SOCKET_API 1
| #define _NETBSD_SOURCE 1
| #define _OPENBSD_SOURCE 1
| #define _POSIX_PTHREAD_SEMANTICS 1
| #define __STDC_WANT_IEC_60559_ATTRIBS_EXT__ 1
| #define __STDC_WANT_IEC_60559_BFP_EXT__ 1
| #define __STDC_WANT_IEC_60559_DFP_EXT__ 1
| #define __STDC_WANT_IEC_60559_FUNCS_EXT__ 1
| #define __STDC_WANT_IEC_60559_TYPES_EXT__ 1
| #define __STDC_WANT_LIB_EXT2__ 1
| #define __STDC_WANT_MATH_SPEC_FUNCS__ 1
| #define _TANDEM_SOURCE 1
| #define __EXTENSIONS__ 1
| #define CC "gcc"
| #define SIZEOF_LONG_INT 8
| #define BITS64 1
| #define HAVE_LIBM 1
| #define HAVE_LIBDL 1
| #define HAVE_LIBNSL 1
| #define HAVE_LIBPTHREAD 1
| #define HAVE_READLINE 1
| #define HAVE_STDARG_H 1
| #define HAVE_SYS_TIME_H 1
| #define TIME_WITH_SYS_TIME 1
| #define HAVE_MALLOC 1
| #define HAVE_UNISTD_H 1
| #define HAVE_STRING_H 1
| #define HAVE_STDLIB_H 1
| #define RETSIGTYPE void
| #define HAVE_STRDUP 1
| #define HAVE_MKDIR 1
| #define HAVE_GETHOSTBYNAME 1
| #define HAVE_GETTIMEOFDAY 1
| #define HAVE_SOCKET 1
| #define HAVE_SNPRINTF 1
| #define HAVE_REGEXEC 1
| #define HAVE_REGERROR 1
| #define HAVE_REGCOMP 1
| #define HAVE_FNMATCH 1
| #define HAVE_GLOB 1
| #define HAVE_GLOBFREE 1
| #define HAVE_EXECVP 1
| #define JUMPTABLE_EMULOOP 1
| #define INSN_BLOCKS 1
| #define LINUX 1
| #define _GNU_SOURCE 1
| #define LINUX_ELF 1
| #define FOREIGN_ELF 1
| #define HAVE_SYS_RESOURCE_H 1
| /* end confdefs.h.  */
| #include <stddef.h>
| #ifdef HAVE_STDIO_H
| # include <stdio.h>
| #endif
| #ifdef HAVE_STDLIB_H
| # include <stdlib.h>
| #endif
| #ifdef HAVE_STRING_H
| # include <string.h>
| #endif
| #ifdef HAVE_INTTYPES_H
| # include <inttypes.h>
| #endif
| #ifdef HAVE_STDINT_H
| # include <stdint.h>
| #endif
| #ifdef HAVE_STRINGS_H
| # include <strings.h>
| #endif
| #ifdef HAVE_SYS_TYPES_H
| # include <sys/types.h>
| #endif
| #ifdef HAVE_SYS_STAT_H
| # include <sys/stat.h>
| #endif
| #ifdef HAVE_UNISTD_H
| # include <unistd.h>
| #endif
| #include <jni_md.h>
configure:7886: result: no
configure:8107: updating cache /home/ematos/devel/ergo/xsb-code/XSB/config/x86_64-pc-linux-gnu/config.cache
configure:8156: creating ./config.status

## ---------------------- ##
## Running config.status. ##
## ---------------------- ##

This file was extended by config.status, which was
generated by GNU Autoconf 2.71.  Invocation command line was

  CONFIG_FILES    = 
  CONFIG_HEADERS  = 
  CONFIG_LINKS    = 
  CONFIG_COMMANDS = 
  $ ./config.status 

on kenobi

config.status:975: creating /home/ematos/devel/ergo/xsb-code/XSB/packages/janus/configvars.sh
config.status:975: creating /home/ematos/devel/ergo/xsb-code/XSB/config/x86_64-pc-linux-gnu/topMakefile
config.status:975: creating /home/ematos/devel/ergo/xsb-code/XSB/config/x86_64-pc-linux-gnu/emuMakefile
config.status:975: creating /home/ematos/devel/ergo/xsb-code/XSB/config/x86_64-pc-linux-gnu/modMakefile
config.status:975: creating /home/ematos/devel/ergo/xsb-code/XSB/config/x86_64-pc-linux-gnu/gppMakefile
config.status:975: creating /home/ematos/devel/ergo/xsb-code/XSB/config/x86_64-pc-linux-gnu/smoMakefile
config.status:975: creating /home/ematos/devel/ergo/xsb-code/XSB/config/x86_64-pc-linux-gnu/makedef.sh
config.status:975: creating /home/ematos/devel/ergo/xsb-code/XSB/config/x86_64-pc-linux-gnu/lib/xsb_configuration.P
config.status:975: creating windows/xsb_configuration.P
config.status:975: creating windows64/xsb_configuration.P
config.status:975: creating windows64arm/xsb_configuration.P
config.status:975: creating makexsb
config.status:975: creating /home/ematos/devel/ergo/xsb-code/XSB/bin/chr_pp
config.status:975: creating /home/ematos/devel/ergo/xsb-code/XSB/bin/xsb
config.status:975: creating /home/ematos/devel/ergo/xsb-code/XSB/bin/xsb.bat
config.status:975: creating /home/ematos/devel/ergo/xsb-code/XSB/bin/xsb64.bat
config.status:975: creating /home/ematos/devel/ergo/xsb-code/XSB/bin/xsb64arm.bat
config.status:975: creating /home/ematos/devel/ergo/xsb-code/XSB/config/x86_64-pc-linux-gnu/banner.msg
config.status:975: creating windows/banner.msg
config.status:975: creating windows64/banner.msg
config.status:975: creating windows64arm/banner.msg
config.status:975: creating windows/MSVC_mkfile.mak
config.status:975: creating windows64/MSVC_mkfile.mak
config.status:975: creating windows64arm/MSVC_mkfile.mak
config.status:975: creating /home/ematos/devel/ergo/xsb-code/XSB/packages/xmc/xmc-gui
config.status:975: creating /home/ematos/devel/ergo/xsb-code/XSB/config/x86_64-pc-linux-gnu/xsb_config.h
config.status:975: creating windows/xsb_config.h
config.status:1150: windows/xsb_config.h is unchanged
config.status:975: creating windows/xsb_debug.h
config.status:1150: windows/xsb_debug.h is unchanged
config.status:975: creating windows64/xsb_config.h
config.status:1150: windows64/xsb_config.h is unchanged
config.status:975: creating windows64/xsb_debug.h
config.status:1150: windows64/xsb_debug.h is unchanged
config.status:975: creating windows64arm/xsb_config.h
config.status:1150: windows64arm/xsb_config.h is unchanged
config.status:975: creating windows64arm/xsb_debug.h
config.status:1150: windows64arm/xsb_debug.h is unchanged
config.status:975: creating /home/ematos/devel/ergo/xsb-code/XSB/config/x86_64-pc-linux-gnu/xsb_debug.h

## ---------------- ##
## Cache variables. ##
## ---------------- ##

ac_cv_build=x86_64-pc-linux-gnu
ac_cv_c_compiler_gnu=yes
ac_cv_c_const=yes
ac_cv_c_inline=inline
ac_cv_env_CCC_set=
ac_cv_env_CCC_value=
ac_cv_env_CC_set=
ac_cv_env_CC_value=
ac_cv_env_CFLAGS_set=
ac_cv_env_CFLAGS_value=
ac_cv_env_CPPFLAGS_set=
ac_cv_env_CPPFLAGS_value=
ac_cv_env_CPP_set=
ac_cv_env_CPP_value=
ac_cv_env_CXXFLAGS_set=
ac_cv_env_CXXFLAGS_value=
ac_cv_env_CXX_set=
ac_cv_env_CXX_value=
ac_cv_env_LDFLAGS_set=
ac_cv_env_LDFLAGS_value=
ac_cv_env_LIBS_set=
ac_cv_env_LIBS_value=
ac_cv_env_build_alias_set=
ac_cv_env_build_alias_value=
ac_cv_env_host_alias_set=
ac_cv_env_host_alias_value=
ac_cv_env_target_alias_set=
ac_cv_env_target_alias_value=
ac_cv_func_execvp=yes
ac_cv_func_fnmatch=yes
ac_cv_func_gethostbyname=yes
ac_cv_func_gettimeofday=yes
ac_cv_func_glob=yes
ac_cv_func_globfree=yes
ac_cv_func_malloc=yes
ac_cv_func_mkdir=yes
ac_cv_func_regcomp=yes
ac_cv_func_regerror=yes
ac_cv_func_regexec=yes
ac_cv_func_sched_get_priority_max=yes
ac_cv_func_snprintf=yes
ac_cv_func_socket=yes
ac_cv_func_strdup=yes
ac_cv_header_inttypes_h=yes
ac_cv_header_jni_h=no
ac_cv_header_jni_md_h=no
ac_cv_header_minix_config_h=no
ac_cv_header_stdarg_h=yes
ac_cv_header_stdint_h=yes
ac_cv_header_stdio_h=yes
ac_cv_header_stdlib_h=yes
ac_cv_header_string_h=yes
ac_cv_header_strings_h=yes
ac_cv_header_sys_resource_h=yes
ac_cv_header_sys_stat_h=yes
ac_cv_header_sys_time_h=yes
ac_cv_header_sys_types_h=yes
ac_cv_header_unistd_h=yes
ac_cv_header_wchar_h=yes
ac_cv_host=x86_64-pc-linux-gnu
ac_cv_lib_dl_main=yes
ac_cv_lib_m_main=yes
ac_cv_lib_nsl_main=yes
ac_cv_lib_pthread_main=yes
ac_cv_lib_readline_readline=yes
ac_cv_lib_socket_main=no
ac_cv_objext=o
ac_cv_path_install='/usr/bin/install -c'
ac_cv_path_itkwish_path=no
ac_cv_path_java_path=/usr/bin/javac
ac_cv_prog_CPP='gcc -E'
ac_cv_prog_ac_ct_CC=gcc
ac_cv_prog_cc_c11=
ac_cv_prog_cc_g=yes
ac_cv_prog_cc_stdc=
ac_cv_prog_has_gcc=yes
ac_cv_prog_make_make_set=yes
ac_cv_safe_to_define___extensions__=yes
ac_cv_should_define__xopen_source=no
ac_cv_sizeof_long_int=8
ac_cv_type_signal=void

## ----------------- ##
## Output variables. ##
## ----------------- ##

CC='gcc'
CFLAGS='  -O3 -fno-strict-aliasing   -fPIC -Wall -pipe -fsigned-char   '
CPP='gcc -E'
CPPFLAGS=''
CROSS_SIMULATOR=''
CXX=''
CXXFLAGS=''
DEFS='-DHAVE_CONFIG_H'
DLLTYPE='nodll'
DYNMOD_LDFLAGS='-shared'
DYNMOD_SHAREDLIB_EXTENSION='so'
ECHO_C=''
ECHO_N='-n'
ECHO_T=''
EXEEXT=''
GPPCFLAGS=''
GPPWNTFLAG=''
INSTALL_DATA='${INSTALL} -m 644'
INSTALL_PROGRAM='${INSTALL}'
INSTALL_SCRIPT='${INSTALL}'
INTERPROLOGOBJ=''
INTERPROLOGSRC=''
JAVA_HEADER_PATH=''
JAVA_PLATFORM_HEADER_PATH=''
LD='gcc'
LDFLAGS='  -lm -ldl -Wl,-export-dynamic -lpthread'
LIBOBJS=''
LIBS=' -lpthread -lnsl -ldl -lm '
LTLIBOBJS=''
MEMFLAG=''
OBJEXT='o'
ODBCOBJ=''
ODBCSRC=''
ODBC_CFLAGS=''
PACKAGE_BUGREPORT=''
PACKAGE_NAME=''
PACKAGE_STRING=''
PACKAGE_TARNAME=''
PACKAGE_URL=''
PACKAGE_VERSION=''
PATH_SEPARATOR=':'
SET_MAKE=''
SHELL='/bin/sh'
XASPDEFFILE=''
XASPLIBNAME=''
XSBMOD_LDFLAGS=' -nodefaultlibs -nostartfiles '
XSB_INTERPROLOG=''
ac_ct_CC='gcc'
ac_ct_CXX=''
arch_bindir='/home/ematos/devel/ergo/xsb-code/XSB/config/x86_64-pc-linux-gnu/bin'
arch_config_file='/home/ematos/devel/ergo/xsb-code/XSB/config/x86_64-pc-linux-gnu/lib/xsb_configuration.P'
arch_config_libdir='/home/ematos/devel/ergo/xsb-code/XSB/config/x86_64-pc-linux-gnu/lib'
arch_config_prefix='/home/ematos/devel/ergo/xsb-code/XSB/config/x86_64-pc-linux-gnu'
arch_install_config_prefix='/home/ematos/devel/ergo/xsb-code/XSB/config/x86_64-pc-linux-gnu'
bindir='${exec_prefix}/bin'
build='x86_64-pc-linux-gnu'
build_alias=''
build_cpu='x86_64'
build_os='linux-gnu'
build_vendor='pc'
builtinsCFLAGS=' -O3 -fno-strict-aliasing   -fPIC -Wall -pipe -fsigned-char '
call_scheme='__cdecl'
canonical='x86_64-pc-linux-gnu'
compile_mode='optimal'
config_ln_command='ln -s '
config_tag=''
datadir='${datarootdir}'
datarootdir='${prefix}/share'
docdir='${datarootdir}/doc/${PACKAGE}'
dvidir='${docdir}'
emudir='/home/ematos/devel/ergo/xsb-code/XSB/emu'
emuloopCFLAGS=' -O3 -fno-strict-aliasing   -fPIC -Wall -pipe -fsigned-char '
emumake_goal='xsb'
engine_mode='slg-wam'
exec_prefix='${prefix}'
force_dynmodule='yes'
full_config_name='x86_64-pc-linux-gnu'
has_gcc='yes'
host='x86_64-pc-linux-gnu'
host_alias=''
host_cpu='x86_64'
host_os='linux-gnu'
host_vendor='pc'
htmldir='${docdir}'
includedir='${prefix}/include'
infodir='${datarootdir}/info'
itkwish_path='no'
java_compiler='/usr/bin/javac'
java_path='/usr/include'
libdir='/home/ematos/devel/ergo/xsb-code/XSB/lib'
libexecdir='${exec_prefix}/libexec'
loaderCFLAGS=' -O3 -fno-strict-aliasing   -fPIC -Wall -pipe -fsigned-char '
localedir='${datarootdir}/locale'
localstatedir='${prefix}/var'
mandir='${datarootdir}/man'
mno_cyg_inclib=''
mno_cyg_lib=''
mt_mode=''
oldincludedir='/usr/include'
os_type='linux-gnu'
os_version=''
pdfdir='${docdir}'
prefix='/home/ematos/devel/ergo/xsb-code/XSB'
program_transform_name='s,x,x,'
psdir='${docdir}'
regmatch_support='yes'
release_day='15'
release_month='5'
release_monthname='May'
release_year='2022'
runstatedir='${localstatedir}/run'
sbindir='${exec_prefix}/sbin'
sharedstatedir='${prefix}/com'
site_prefix='/home/ematos/devel/ergo/xsb-code/XSB/site'
smoCFLAGS=''
smoLDFLAGS=''
smoLIB=''
smodels_goal='nope'
sysconfdir='${prefix}/etc'
target_alias=''
topdir='/home/ematos/devel/ergo/xsb-code/XSB'
trutilsCFLAGS=' -O3 -fno-strict-aliasing   -fPIC -Wall -pipe -fsigned-char '
wildmatch_support='yes'
with_smodels=''
word_size='64'
xsb_beta_version=''
xsb_build_date='2024-10-02'
xsb_codename='Green Tea'
xsb_full_version_name='5.0.0 (Green Tea)'
xsb_major_version='5'
xsb_minor_version='0'
xsb_obj_extension='.xwam'
xsb_patch_date='Build date: 2024-10-02'
xsb_patch_version='0'
xsb_release_date='2022-05-15'
xsb_scheduling_strategy='local'
xsb_version='5.0.0'

## ----------- ##
## confdefs.h. ##
## ----------- ##

/* confdefs.h */
#define PACKAGE_NAME ""
#define PACKAGE_TARNAME ""
#define PACKAGE_VERSION ""
#define PACKAGE_STRING ""
#define PACKAGE_BUGREPORT ""
#define PACKAGE_URL ""
#define CONFIG_INCLUDED 1
#define ___ALWAYS_TRUE___ 1
#define XSB_VERSION "5.0.0 (Green Tea)"
#define RELEASE_DATE 2022-05-15
#define RELEASE_YEAR 2022
#define RELEASE_MONTH 5
#define RELEASE_DAY 15
#define LOCAL_EVAL 1
#define GC 1
#define SLG_GC 1
#define HAVE_STDIO_H 1
#define HAVE_STDLIB_H 1
#define HAVE_STRING_H 1
#define HAVE_INTTYPES_H 1
#define HAVE_STDINT_H 1
#define HAVE_STRINGS_H 1
#define HAVE_SYS_STAT_H 1
#define HAVE_SYS_TYPES_H 1
#define HAVE_UNISTD_H 1
#define HAVE_WCHAR_H 1
#define HAVE_SYS_TIME_H 1
#define STDC_HEADERS 1
#define _ALL_SOURCE 1
#define _DARWIN_C_SOURCE 1
#define _GNU_SOURCE 1
#define _HPUX_ALT_XOPEN_SOCKET_API 1
#define _NETBSD_SOURCE 1
#define _OPENBSD_SOURCE 1
#define _POSIX_PTHREAD_SEMANTICS 1
#define __STDC_WANT_IEC_60559_ATTRIBS_EXT__ 1
#define __STDC_WANT_IEC_60559_BFP_EXT__ 1
#define __STDC_WANT_IEC_60559_DFP_EXT__ 1
#define __STDC_WANT_IEC_60559_FUNCS_EXT__ 1
#define __STDC_WANT_IEC_60559_TYPES_EXT__ 1
#define __STDC_WANT_LIB_EXT2__ 1
#define __STDC_WANT_MATH_SPEC_FUNCS__ 1
#define _TANDEM_SOURCE 1
#define __EXTENSIONS__ 1
#define CC "gcc"
#define SIZEOF_LONG_INT 8
#define BITS64 1
#define HAVE_LIBM 1
#define HAVE_LIBDL 1
#define HAVE_LIBNSL 1
#define HAVE_LIBPTHREAD 1
#define HAVE_READLINE 1
#define HAVE_STDARG_H 1
#define HAVE_SYS_TIME_H 1
#define TIME_WITH_SYS_TIME 1
#define HAVE_MALLOC 1
#define HAVE_UNISTD_H 1
#define HAVE_STRING_H 1
#define HAVE_STDLIB_H 1
#define RETSIGTYPE void
#define HAVE_STRDUP 1
#define HAVE_MKDIR 1
#define HAVE_GETHOSTBYNAME 1
#define HAVE_GETTIMEOFDAY 1
#define HAVE_SOCKET 1
#define HAVE_SNPRINTF 1
#define HAVE_REGEXEC 1
#define HAVE_REGERROR 1
#define HAVE_REGCOMP 1
#define HAVE_FNMATCH 1
#define HAVE_GLOB 1
#define HAVE_GLOBFREE 1
#define HAVE_EXECVP 1
#define JUMPTABLE_EMULOOP 1
#define INSN_BLOCKS 1
#define LINUX 1
#define _GNU_SOURCE 1
#define LINUX_ELF 1
#define FOREIGN_ELF 1
#define HAVE_SYS_RESOURCE_H 1
#define CONFIGURATION "x86_64-pc-linux-gnu"
#define FULL_CONFIG_NAME "x86_64-pc-linux-gnu"

configure: exit 0
