This file contains any messages produced by compilers while
running configure, to aid debugging if configure makes a mistake.

It was created by configure, which was
generated by GNU Autoconf 2.71.  Invocation command line was

  $ ./configure --with-odbc-libdir= --with-odbc-incdir= --with-mysql-libdir= --with-mysql-incdir= --with-mysqlembedded-libdir= --with-mysqlembedded-incdir=

## --------- ##
## Platform. ##
## --------- ##

hostname = kenobi
uname -m = x86_64
uname -r = 6.10.8-arch1-1
uname -s = Linux
uname -v = #1 SMP PREEMPT_DYNAMIC Wed, 04 Sep 2024 15:16:37 +0000

/usr/bin/uname -p = unknown
/bin/uname -X     = unknown

/bin/arch              = unknown
/usr/bin/arch -k       = unknown
/usr/convex/getsysinfo = unknown
/usr/bin/hostinfo      = unknown
/bin/machine           = unknown
/usr/bin/oslevel       = unknown
/bin/universe          = unknown

PATH: /home/ematos/miniconda3/bin/
PATH: /home/ematos/miniconda3/condabin/
PATH: /usr/local/sbin/
PATH: /usr/local/bin/
PATH: /usr/bin/
PATH: /usr/lib/jvm/default/bin/
PATH: /usr/bin/site_perl/
PATH: /usr/bin/vendor_perl/
PATH: /usr/bin/core_perl/


## ----------- ##
## Core tests. ##
## ----------- ##

configure:2187: looking for aux files: config.guess config.sub
configure:2200:  trying ./../../../build/
configure:2229:   ./../../../build/config.guess found
configure:2229:   ./../../../build/config.sub found
configure:2423: checking build system type
configure:2438: result: x86_64-pc-linux-gnu
configure:2458: checking host system type
configure:2472: result: x86_64-pc-linux-gnu
configure:2616: checking for gcc
configure:2637: found /usr/bin/gcc
configure:2648: result: gcc
configure:3001: checking for C compiler version
configure:3010: gcc --version >&5
gcc (GCC) 14.2.1 20240805
Copyright (C) 2024 Free Software Foundation, Inc.
This is free software; see the source for copying conditions.  There is NO
warranty; not even for MERCHANTABILITY or FITNESS FOR A PARTICULAR PURPOSE.

configure:3021: $? = 0
configure:3010: gcc -v >&5
Using built-in specs.
COLLECT_GCC=gcc
COLLECT_LTO_WRAPPER=/usr/lib/gcc/x86_64-pc-linux-gnu/14.2.1/lto-wrapper
Target: x86_64-pc-linux-gnu
Configured with: /build/gcc/src/gcc/configure --enable-languages=ada,c,c++,d,fortran,go,lto,m2,objc,obj-c++,rust --enable-bootstrap --prefix=/usr --libdir=/usr/lib --libexecdir=/usr/lib --mandir=/usr/share/man --infodir=/usr/share/info --with-bugurl=https://gitlab.archlinux.org/archlinux/packaging/packages/gcc/-/issues --with-build-config=bootstrap-lto --with-linker-hash-style=gnu --with-system-zlib --enable-__cxa_atexit --enable-cet=auto --enable-checking=release --enable-clocale=gnu --enable-default-pie --enable-default-ssp --enable-gnu-indirect-function --enable-gnu-unique-object --enable-libstdcxx-backtrace --enable-link-serialization=1 --enable-linker-build-id --enable-lto --enable-multilib --enable-plugin --enable-shared --enable-threads=posix --disable-libssp --disable-libstdcxx-pch --disable-werror
Thread model: posix
Supported LTO compression algorithms: zlib zstd
gcc version 14.2.1 20240805 (GCC) 
configure:3021: $? = 0
configure:3010: gcc -V >&5
gcc: error: unrecognized command-line option '-V'
gcc: fatal error: no input files
compilation terminated.
configure:3021: $? = 1
configure:3010: gcc -qversion >&5
gcc: error: unrecognized command-line option '-qversion'; did you mean '--version'?
gcc: fatal error: no input files
compilation terminated.
configure:3021: $? = 1
configure:3010: gcc -version >&5
gcc: error: unrecognized command-line option '-version'
gcc: fatal error: no input files
compilation terminated.
configure:3021: $? = 1
configure:3041: checking whether the C compiler works
configure:3063: gcc -I/usr/include/mysql   -I/usr/include/mysql  -L/usr/lib  conftest.c  >&5
configure:3067: $? = 0
configure:3117: result: yes
configure:3120: checking for C compiler default output file name
configure:3122: result: a.out
configure:3128: checking for suffix of executables
configure:3135: gcc -o conftest -I/usr/include/mysql   -I/usr/include/mysql  -L/usr/lib  conftest.c  >&5
configure:3139: $? = 0
configure:3162: result: 
configure:3184: checking whether we are cross compiling
configure:3192: gcc -o conftest -I/usr/include/mysql   -I/usr/include/mysql  -L/usr/lib  conftest.c  >&5
configure:3196: $? = 0
configure:3203: ./conftest
configure:3207: $? = 0
configure:3222: result: no
configure:3227: checking for suffix of object files
configure:3250: gcc -c -I/usr/include/mysql   -I/usr/include/mysql  conftest.c >&5
configure:3254: $? = 0
configure:3276: result: o
configure:3280: checking whether the compiler supports GNU C
configure:3300: gcc -c -I/usr/include/mysql   -I/usr/include/mysql  conftest.c >&5
configure:3300: $? = 0
configure:3310: result: yes
configure:3321: checking whether gcc accepts -g
configure:3342: gcc -c -g  -I/usr/include/mysql  conftest.c >&5
configure:3342: $? = 0
configure:3386: result: yes
configure:3406: checking for gcc option to enable C11 features
configure:3421: gcc  -c -I/usr/include/mysql   -I/usr/include/mysql  conftest.c >&5
configure:3421: $? = 0
configure:3439: result: none needed
configure:3550: checking for main in -lmariadbclient
configure:3570: gcc -o conftest -I/usr/include/mysql   -I/usr/include/mysql  -L/usr/lib  conftest.c -lmariadbclient   >&5
/usr/bin/ld: cannot find -lmariadbclient: No such file or directory
collect2: error: ld returned 1 exit status
configure:3570: $? = 1
configure: failed program was:
| /* confdefs.h */
| #define PACKAGE_NAME ""
| #define PACKAGE_TARNAME ""
| #define PACKAGE_VERSION ""
| #define PACKAGE_STRING ""
| #define PACKAGE_BUGREPORT ""
| #define PACKAGE_URL ""
| /* end confdefs.h.  */
| 
| 
| int
| main (void)
| {
| return main ();
|   ;
|   return 0;
| }
configure:3580: result: no
configure:3596: checking for stdio.h
configure:3596: gcc -c -I/usr/include/mysql   -I/usr/include/mysql  conftest.c >&5
configure:3596: $? = 0
configure:3596: result: yes
configure:3596: checking for stdlib.h
configure:3596: gcc -c -I/usr/include/mysql   -I/usr/include/mysql  conftest.c >&5
configure:3596: $? = 0
configure:3596: result: yes
configure:3596: checking for string.h
configure:3596: gcc -c -I/usr/include/mysql   -I/usr/include/mysql  conftest.c >&5
configure:3596: $? = 0
configure:3596: result: yes
configure:3596: checking for inttypes.h
configure:3596: gcc -c -I/usr/include/mysql   -I/usr/include/mysql  conftest.c >&5
configure:3596: $? = 0
configure:3596: result: yes
configure:3596: checking for stdint.h
configure:3596: gcc -c -I/usr/include/mysql   -I/usr/include/mysql  conftest.c >&5
configure:3596: $? = 0
configure:3596: result: yes
configure:3596: checking for strings.h
configure:3596: gcc -c -I/usr/include/mysql   -I/usr/include/mysql  conftest.c >&5
configure:3596: $? = 0
configure:3596: result: yes
configure:3596: checking for sys/stat.h
configure:3596: gcc -c -I/usr/include/mysql   -I/usr/include/mysql  conftest.c >&5
configure:3596: $? = 0
configure:3596: result: yes
configure:3596: checking for sys/types.h
configure:3596: gcc -c -I/usr/include/mysql   -I/usr/include/mysql  conftest.c >&5
configure:3596: $? = 0
configure:3596: result: yes
configure:3596: checking for unistd.h
configure:3596: gcc -c -I/usr/include/mysql   -I/usr/include/mysql  conftest.c >&5
configure:3596: $? = 0
configure:3596: result: yes
configure:3623: checking for mysql.h
configure:3623: gcc -c -I/usr/include/mysql   -I/usr/include/mysql  conftest.c >&5
configure:3623: $? = 0
configure:3623: result: yes
configure:3636: WARNING:  ****Your system is missing mysql.h or mysql_com.h, which are required for MariaDB support
****MariaDB driver will be disabled
configure:3809: creating ./config.status

## ---------------------- ##
## Running config.status. ##
## ---------------------- ##

This file was extended by config.status, which was
generated by GNU Autoconf 2.71.  Invocation command line was

  CONFIG_FILES    = 
  CONFIG_HEADERS  = 
  CONFIG_LINKS    = 
  CONFIG_COMMANDS = 
  $ ./config.status 

on kenobi

config.status:723: creating mariadb_init.P

## ---------------- ##
## Cache variables. ##
## ---------------- ##

ac_cv_build=x86_64-pc-linux-gnu
ac_cv_c_compiler_gnu=yes
ac_cv_env_CC_set=
ac_cv_env_CC_value=
ac_cv_env_CFLAGS_set=
ac_cv_env_CFLAGS_value=
ac_cv_env_CPPFLAGS_set=
ac_cv_env_CPPFLAGS_value=
ac_cv_env_LDFLAGS_set=
ac_cv_env_LDFLAGS_value=
ac_cv_env_LIBS_set=
ac_cv_env_LIBS_value=
ac_cv_env_build_alias_set=
ac_cv_env_build_alias_value=
ac_cv_env_host_alias_set=
ac_cv_env_host_alias_value=
ac_cv_env_target_alias_set=
ac_cv_env_target_alias_value=
ac_cv_header_inttypes_h=yes
ac_cv_header_mysql_h=yes
ac_cv_header_stdint_h=yes
ac_cv_header_stdio_h=yes
ac_cv_header_stdlib_h=yes
ac_cv_header_string_h=yes
ac_cv_header_strings_h=yes
ac_cv_header_sys_stat_h=yes
ac_cv_header_sys_types_h=yes
ac_cv_header_unistd_h=yes
ac_cv_host=x86_64-pc-linux-gnu
ac_cv_lib_mariadbclient_main=no
ac_cv_objext=o
ac_cv_prog_ac_ct_CC=gcc
ac_cv_prog_cc_c11=
ac_cv_prog_cc_g=yes
ac_cv_prog_cc_stdc=

## ----------------- ##
## Output variables. ##
## ----------------- ##

CC='gcc'
CFLAGS='-I/usr/include/mysql -I/usr/include/mysql/mysql'
CPPFLAGS=' -I/usr/include/mysql '
DEFS='-DPACKAGE_NAME=\"\" -DPACKAGE_TARNAME=\"\" -DPACKAGE_VERSION=\"\" -DPACKAGE_STRING=\"\" -DPACKAGE_BUGREPORT=\"\" -DPACKAGE_URL=\"\" -DHAVE_STDIO_H=1 -DHAVE_STDLIB_H=1 -DHAVE_STRING_H=1 -DHAVE_INTTYPES_H=1 -DHAVE_STDINT_H=1 -DHAVE_STRINGS_H=1 -DHAVE_SYS_STAT_H=1 -DHAVE_SYS_TYPES_H=1 -DHAVE_UNISTD_H=1 -DSTDC_HEADERS=1 -DHAVE_MYSQL_H=1'
ECHO_C=''
ECHO_N='-n'
ECHO_T=''
EXEEXT=''
LDFLAGS='-L/usr/lib/ -lmariadb'
LIBOBJS=''
LIBS=''
LTLIBOBJS=''
OBJEXT='o'
PACKAGE_BUGREPORT=''
PACKAGE_NAME=''
PACKAGE_STRING=''
PACKAGE_TARNAME=''
PACKAGE_URL=''
PACKAGE_VERSION=''
PATH_SEPARATOR=':'
SHELL='/bin/sh'
ac_ct_CC='gcc'
bindir='${exec_prefix}/bin'
build='x86_64-pc-linux-gnu'
build_alias=''
build_cpu='x86_64'
build_os='linux-gnu'
build_vendor='pc'
datadir='${datarootdir}'
datarootdir='${prefix}/share'
docdir='${datarootdir}/doc/${PACKAGE}'
dvidir='${docdir}'
exec_prefix='${prefix}'
host='x86_64-pc-linux-gnu'
host_alias=''
host_cpu='x86_64'
host_os='linux-gnu'
host_vendor='pc'
htmldir='${docdir}'
includedir='${prefix}/include'
infodir='${datarootdir}/info'
libdir='/usr/lib'
libexecdir='${exec_prefix}/libexec'
localedir='${datarootdir}/locale'
localstatedir='${prefix}/var'
mandir='${datarootdir}/man'
oldincludedir='/usr/include'
pdfdir='${docdir}'
prefix='/usr/local'
program_transform_name='s,x,x,'
psdir='${docdir}'
runstatedir='${localstatedir}/run'
sbindir='${exec_prefix}/sbin'
sharedstatedir='${prefix}/com'
support='no'
sysconfdir='${prefix}/etc'
target_alias=''

## ----------- ##
## confdefs.h. ##
## ----------- ##

/* confdefs.h */
#define PACKAGE_NAME ""
#define PACKAGE_TARNAME ""
#define PACKAGE_VERSION ""
#define PACKAGE_STRING ""
#define PACKAGE_BUGREPORT ""
#define PACKAGE_URL ""
#define HAVE_STDIO_H 1
#define HAVE_STDLIB_H 1
#define HAVE_STRING_H 1
#define HAVE_INTTYPES_H 1
#define HAVE_STDINT_H 1
#define HAVE_STRINGS_H 1
#define HAVE_SYS_STAT_H 1
#define HAVE_SYS_TYPES_H 1
#define HAVE_UNISTD_H 1
#define STDC_HEADERS 1
#define HAVE_MYSQL_H 1

configure: exit 0
