This file contains any messages produced by compilers while
running configure, to aid debugging if configure makes a mistake.

It was created by configure, which was
generated by GNU Autoconf 2.69.  Invocation command line was

  $ ./configure --with-dbdrivers

## --------- ##
## Platform. ##
## --------- ##

hostname = kenobi
uname -m = x86_64
uname -r = 6.14.7-arch2-1
uname -s = Linux
uname -v = #1 SMP PREEMPT_DYNAMIC Thu, 22 May 2025 05:37:49 +0000

/usr/bin/uname -p = unknown
/bin/uname -X     = unknown

/bin/arch              = unknown
/usr/bin/arch -k       = unknown
/usr/convex/getsysinfo = unknown
/usr/bin/hostinfo      = unknown
/bin/machine           = unknown
/usr/bin/oslevel       = unknown
/bin/universe          = unknown

PATH: /home/ematos/miniconda3/condabin
PATH: /usr/local/sbin
PATH: /usr/local/bin
PATH: /usr/bin
PATH: /opt/cuda/bin
PATH: /opt/cuda/nsight_compute
PATH: /opt/cuda/nsight_systems/bin
PATH: /usr/lib/jvm/default/bin
PATH: /usr/bin/site_perl
PATH: /usr/bin/vendor_perl
PATH: /usr/bin/core_perl


## ----------- ##
## Core tests. ##
## ----------- ##

configure:3296: checking build system type
configure:3310: result: x86_64-pc-linux-gnu
configure:3330: checking host system type
configure:3343: result: x86_64-pc-linux-gnu
configure:3381: checking host system type... x86_64-pc-linux-gnu
configure:3480: checking /tmp/XSB-25-06-26-17_02_22/lib
configure:3482: result: OK
configure:3487: checking /tmp/XSB-25-06-26-17_02_22/syslib
configure:3489: result: OK
configure:3494: checking /tmp/XSB-25-06-26-17_02_22/cmplib
configure:3496: result: OK
configure:3507: checking /tmp/XSB-25-06-26-17_02_22/bin
configure:3509: result: OK
configure:3514: checking /tmp/XSB-25-06-26-17_02_22/config/x86_64-pc-linux-gnu/bin
configure:3516: result: OK
configure:3521: checking /tmp/XSB-25-06-26-17_02_22/config/x86_64-pc-linux-gnu/lib
configure:3523: result: OK
configure:3528: checking /tmp/XSB-25-06-26-17_02_22/config/x86_64-pc-linux-gnu/saved.o
configure:3530: result: OK
configure:3535: checking /tmp/XSB-25-06-26-17_02_22/site/lib
configure:3537: result: OK
configure:3542: checking /tmp/XSB-25-06-26-17_02_22/site/config/x86_64-pc-linux-gnu/lib
configure:3544: result: OK
configure:3549: checking /tmp/XSB-25-06-26-17_02_22/emu
configure:3551: result: OK
configure:3556: checking /tmp/XSB-25-06-26-17_02_22/lib
configure:3558: result: OK
configure:3563: checking /tmp/XSB-25-06-26-17_02_22/syslib
configure:3565: result: OK
configure:3570: checking /tmp/XSB-25-06-26-17_02_22/cmplib
configure:3572: result: OK
configure:3577: checking /tmp/XSB-25-06-26-17_02_22/bin
configure:3579: result: OK
configure:3584: checking /tmp/XSB-25-06-26-17_02_22/build
configure:3586: result: OK
configure:3591: checking /tmp/XSB-25-06-26-17_02_22/config/x86_64-pc-linux-gnu/bin
configure:3593: result: OK
configure:3598: checking /tmp/XSB-25-06-26-17_02_22/config/x86_64-pc-linux-gnu/lib
configure:3600: result: OK
configure:3605: checking /tmp/XSB-25-06-26-17_02_22/config/x86_64-pc-linux-gnu/saved.o
configure:3607: result: OK
configure:3612: checking /tmp/XSB-25-06-26-17_02_22/etc
configure:3614: result: OK
configure:3619: checking /tmp/XSB-25-06-26-17_02_22/packages
configure:3621: result: OK
configure:3626: checking /tmp/XSB-25-06-26-17_02_22/packages/xmc
configure:3628: result: OK
configure:3633: checking /tmp/XSB-25-06-26-17_02_22/examples
configure:3635: result: OK
configure:3640: checking /tmp/XSB-25-06-26-17_02_22/prolog_includes
configure:3642: result: OK
configure:3708: checking for gcc
configure:3724: found /usr/bin/gcc
configure:3735: result: gcc
configure:3964: checking for C compiler version
configure:3973: gcc --version >&5
gcc (GCC) 15.1.1 20250425
Copyright (C) 2025 Free Software Foundation, Inc.
This is free software; see the source for copying conditions.  There is NO
warranty; not even for MERCHANTABILITY or FITNESS FOR A PARTICULAR PURPOSE.

configure:3984: $? = 0
configure:3973: gcc -v >&5
Using built-in specs.
COLLECT_GCC=gcc
COLLECT_LTO_WRAPPER=/usr/lib/gcc/x86_64-pc-linux-gnu/15.1.1/lto-wrapper
Target: x86_64-pc-linux-gnu
Configured with: /build/gcc/src/gcc/configure --enable-languages=ada,c,c++,d,fortran,go,lto,m2,objc,obj-c++,rust,cobol --enable-bootstrap --prefix=/usr --libdir=/usr/lib --libexecdir=/usr/lib --mandir=/usr/share/man --infodir=/usr/share/info --with-bugurl=https://gitlab.archlinux.org/archlinux/packaging/packages/gcc/-/issues --with-build-config=bootstrap-lto --with-linker-hash-style=gnu --with-system-zlib --enable-__cxa_atexit --enable-cet=auto --enable-checking=release --enable-clocale=gnu --enable-default-pie --enable-default-ssp --enable-gnu-indirect-function --enable-gnu-unique-object --enable-libstdcxx-backtrace --enable-link-serialization=1 --enable-linker-build-id --enable-lto --enable-multilib --enable-plugin --enable-shared --enable-threads=posix --disable-libssp --disable-libstdcxx-pch --disable-werror
Thread model: posix
Supported LTO compression algorithms: zlib zstd
gcc version 15.1.1 20250425 (GCC) 
configure:3984: $? = 0
configure:3973: gcc -V >&5
gcc: error: unrecognized command-line option '-V'
gcc: fatal error: no input files
compilation terminated.
configure:3984: $? = 1
configure:3973: gcc -qversion >&5
gcc: error: unrecognized command-line option '-qversion'; did you mean '--version'?
gcc: fatal error: no input files
compilation terminated.
configure:3984: $? = 1
configure:4004: checking whether the C compiler works
configure:4026: gcc    conftest.c  >&5
configure:4030: $? = 0
configure:4078: result: yes
configure:4081: checking for C compiler default output file name
configure:4083: result: a.out
configure:4089: checking for suffix of executables
configure:4096: gcc -o conftest    conftest.c  >&5
configure:4100: $? = 0
configure:4122: result: 
configure:4144: checking whether we are cross compiling
configure:4152: gcc -o conftest    conftest.c  >&5
configure:4156: $? = 0
configure:4163: ./conftest
configure:4167: $? = 0
configure:4182: result: no
configure:4187: checking for suffix of object files
configure:4209: gcc -c   conftest.c >&5
configure:4213: $? = 0
configure:4234: result: o
configure:4238: checking whether we are using the GNU C compiler
configure:4257: gcc -c   conftest.c >&5
configure:4257: $? = 0
configure:4266: result: yes
configure:4275: checking whether gcc accepts -g
configure:4295: gcc -c -g  conftest.c >&5
configure:4295: $? = 0
configure:4336: result: yes
configure:4353: checking for gcc option to accept ISO C89
configure:4416: gcc  -c -g -O2  conftest.c >&5
conftest.c: In function 'e':
conftest.c:25:14: warning: old-style function definition [-Wold-style-definition]
   25 | static char *e (p, i)
      |              ^
configure:4416: $? = 0
configure:4429: result: none needed
configure:4454: checking how to run the C preprocessor
configure:4485: gcc -E  conftest.c
configure:4485: $? = 0
configure:4499: gcc -E  conftest.c
conftest.c:19:10: fatal error: ac_nonexistent.h: No such file or directory
   19 | #include <ac_nonexistent.h>
      |          ^~~~~~~~~~~~~~~~~~
compilation terminated.
configure:4499: $? = 1
configure: failed program was:
| /* confdefs.h */
| #define PACKAGE_NAME ""
| #define PACKAGE_TARNAME ""
| #define PACKAGE_VERSION ""
| #define PACKAGE_STRING ""
| #define PACKAGE_BUGREPORT ""
| #define PACKAGE_URL ""
| #define CONFIG_INCLUDED 1
| #define ___ALWAYS_TRUE___ 1
| #define XSB_VERSION "5.0.0 (Green Tea)"
| #define RELEASE_DATE 2022-05-15
| #define RELEASE_YEAR 2022
| #define RELEASE_MONTH 5
| #define RELEASE_DAY 15
| #define LOCAL_EVAL 1
| #define GC 1
| #define SLG_GC 1
| /* end confdefs.h.  */
| #include <ac_nonexistent.h>
configure:4524: result: gcc -E
configure:4544: gcc -E  conftest.c
configure:4544: $? = 0
configure:4558: gcc -E  conftest.c
conftest.c:19:10: fatal error: ac_nonexistent.h: No such file or directory
   19 | #include <ac_nonexistent.h>
      |          ^~~~~~~~~~~~~~~~~~
compilation terminated.
configure:4558: $? = 1
configure: failed program was:
| /* confdefs.h */
| #define PACKAGE_NAME ""
| #define PACKAGE_TARNAME ""
| #define PACKAGE_VERSION ""
| #define PACKAGE_STRING ""
| #define PACKAGE_BUGREPORT ""
| #define PACKAGE_URL ""
| #define CONFIG_INCLUDED 1
| #define ___ALWAYS_TRUE___ 1
| #define XSB_VERSION "5.0.0 (Green Tea)"
| #define RELEASE_DATE 2022-05-15
| #define RELEASE_YEAR 2022
| #define RELEASE_MONTH 5
| #define RELEASE_DAY 15
| #define LOCAL_EVAL 1
| #define GC 1
| #define SLG_GC 1
| /* end confdefs.h.  */
| #include <ac_nonexistent.h>
configure:4600: checking for a BSD-compatible install
configure:4668: result: /usr/bin/install -c
configure:4681: checking for grep that handles long lines and -e
configure:4739: result: /usr/bin/grep
configure:4744: checking for egrep
configure:4806: result: /usr/bin/grep -E
configure:4811: checking for ANSI C header files
configure:4831: gcc -c -g -O2  conftest.c >&5
configure:4831: $? = 0
configure:4904: gcc -o conftest -g -O2   conftest.c  >&5
configure:4904: $? = 0
configure:4904: ./conftest
configure:4904: $? = 0
configure:4915: result: yes
configure:4928: checking for sys/types.h
configure:4928: gcc -c -g -O2  conftest.c >&5
configure:4928: $? = 0
configure:4928: result: yes
configure:4928: checking for sys/stat.h
configure:4928: gcc -c -g -O2  conftest.c >&5
configure:4928: $? = 0
configure:4928: result: yes
configure:4928: checking for stdlib.h
configure:4928: gcc -c -g -O2  conftest.c >&5
configure:4928: $? = 0
configure:4928: result: yes
configure:4928: checking for string.h
configure:4928: gcc -c -g -O2  conftest.c >&5
configure:4928: $? = 0
configure:4928: result: yes
configure:4928: checking for memory.h
configure:4928: gcc -c -g -O2  conftest.c >&5
configure:4928: $? = 0
configure:4928: result: yes
configure:4928: checking for strings.h
configure:4928: gcc -c -g -O2  conftest.c >&5
configure:4928: $? = 0
configure:4928: result: yes
configure:4928: checking for inttypes.h
configure:4928: gcc -c -g -O2  conftest.c >&5
configure:4928: $? = 0
configure:4928: result: yes
configure:4928: checking for stdint.h
configure:4928: gcc -c -g -O2  conftest.c >&5
configure:4928: $? = 0
configure:4928: result: yes
configure:4928: checking for unistd.h
configure:4928: gcc -c -g -O2  conftest.c >&5
configure:4928: $? = 0
configure:4928: result: yes
configure:4941: checking minix/config.h usability
configure:4941: gcc -c -g -O2  conftest.c >&5
conftest.c:62:10: fatal error: minix/config.h: No such file or directory
   62 | #include <minix/config.h>
      |          ^~~~~~~~~~~~~~~~
compilation terminated.
configure:4941: $? = 1
configure: failed program was:
| /* confdefs.h */
| #define PACKAGE_NAME ""
| #define PACKAGE_TARNAME ""
| #define PACKAGE_VERSION ""
| #define PACKAGE_STRING ""
| #define PACKAGE_BUGREPORT ""
| #define PACKAGE_URL ""
| #define CONFIG_INCLUDED 1
| #define ___ALWAYS_TRUE___ 1
| #define XSB_VERSION "5.0.0 (Green Tea)"
| #define RELEASE_DATE 2022-05-15
| #define RELEASE_YEAR 2022
| #define RELEASE_MONTH 5
| #define RELEASE_DAY 15
| #define LOCAL_EVAL 1
| #define GC 1
| #define SLG_GC 1
| #define STDC_HEADERS 1
| #define HAVE_SYS_TYPES_H 1
| #define HAVE_SYS_STAT_H 1
| #define HAVE_STDLIB_H 1
| #define HAVE_STRING_H 1
| #define HAVE_MEMORY_H 1
| #define HAVE_STRINGS_H 1
| #define HAVE_INTTYPES_H 1
| #define HAVE_STDINT_H 1
| #define HAVE_UNISTD_H 1
| /* end confdefs.h.  */
| #include <stdio.h>
| #ifdef HAVE_SYS_TYPES_H
| # include <sys/types.h>
| #endif
| #ifdef HAVE_SYS_STAT_H
| # include <sys/stat.h>
| #endif
| #ifdef STDC_HEADERS
| # include <stdlib.h>
| # include <stddef.h>
| #else
| # ifdef HAVE_STDLIB_H
| #  include <stdlib.h>
| # endif
| #endif
| #ifdef HAVE_STRING_H
| # if !defined STDC_HEADERS && defined HAVE_MEMORY_H
| #  include <memory.h>
| # endif
| # include <string.h>
| #endif
| #ifdef HAVE_STRINGS_H
| # include <strings.h>
| #endif
| #ifdef HAVE_INTTYPES_H
| # include <inttypes.h>
| #endif
| #ifdef HAVE_STDINT_H
| # include <stdint.h>
| #endif
| #ifdef HAVE_UNISTD_H
| # include <unistd.h>
| #endif
| #include <minix/config.h>
configure:4941: result: no
configure:4941: checking minix/config.h presence
configure:4941: gcc -E  conftest.c
conftest.c:29:10: fatal error: minix/config.h: No such file or directory
   29 | #include <minix/config.h>
      |          ^~~~~~~~~~~~~~~~
compilation terminated.
configure:4941: $? = 1
configure: failed program was:
| /* confdefs.h */
| #define PACKAGE_NAME ""
| #define PACKAGE_TARNAME ""
| #define PACKAGE_VERSION ""
| #define PACKAGE_STRING ""
| #define PACKAGE_BUGREPORT ""
| #define PACKAGE_URL ""
| #define CONFIG_INCLUDED 1
| #define ___ALWAYS_TRUE___ 1
| #define XSB_VERSION "5.0.0 (Green Tea)"
| #define RELEASE_DATE 2022-05-15
| #define RELEASE_YEAR 2022
| #define RELEASE_MONTH 5
| #define RELEASE_DAY 15
| #define LOCAL_EVAL 1
| #define GC 1
| #define SLG_GC 1
| #define STDC_HEADERS 1
| #define HAVE_SYS_TYPES_H 1
| #define HAVE_SYS_STAT_H 1
| #define HAVE_STDLIB_H 1
| #define HAVE_STRING_H 1
| #define HAVE_MEMORY_H 1
| #define HAVE_STRINGS_H 1
| #define HAVE_INTTYPES_H 1
| #define HAVE_STDINT_H 1
| #define HAVE_UNISTD_H 1
| /* end confdefs.h.  */
| #include <minix/config.h>
configure:4941: result: no
configure:4941: checking for minix/config.h
configure:4941: result: no
configure:4962: checking whether it is safe to define __EXTENSIONS__
configure:4980: gcc -c -g -O2  conftest.c >&5
configure:4980: $? = 0
configure:4987: result: yes
configure:5005: checking for gcc
configure:5021: found /usr/bin/gcc
configure:5033: result: yes
configure:5042: checking whether we are using SunPro C
configure:5053: gcc -c -g -O2  conftest.c >&5
conftest.c:36:2: error: #error Not a SunPro compiler :-(
   36 | #error Not a  SunPro compiler :-(
      |  ^~~~~
conftest.c:37:9: error: expected identifier or '(' before '==' token
   37 | ******* ======= ******** &&&&&&&&
      |         ^~
configure:5053: $? = 1
configure: failed program was:
| /* confdefs.h */
| #define PACKAGE_NAME ""
| #define PACKAGE_TARNAME ""
| #define PACKAGE_VERSION ""
| #define PACKAGE_STRING ""
| #define PACKAGE_BUGREPORT ""
| #define PACKAGE_URL ""
| #define CONFIG_INCLUDED 1
| #define ___ALWAYS_TRUE___ 1
| #define XSB_VERSION "5.0.0 (Green Tea)"
| #define RELEASE_DATE 2022-05-15
| #define RELEASE_YEAR 2022
| #define RELEASE_MONTH 5
| #define RELEASE_DAY 15
| #define LOCAL_EVAL 1
| #define GC 1
| #define SLG_GC 1
| #define STDC_HEADERS 1
| #define HAVE_SYS_TYPES_H 1
| #define HAVE_SYS_STAT_H 1
| #define HAVE_STDLIB_H 1
| #define HAVE_STRING_H 1
| #define HAVE_MEMORY_H 1
| #define HAVE_STRINGS_H 1
| #define HAVE_INTTYPES_H 1
| #define HAVE_STDINT_H 1
| #define HAVE_UNISTD_H 1
| #define __EXTENSIONS__ 1
| #define _ALL_SOURCE 1
| #define _GNU_SOURCE 1
| #define _POSIX_PTHREAD_SEMANTICS 1
| #define _TANDEM_SOURCE 1
| /* end confdefs.h.  */
| 
| #ifndef __SUNPRO_C
| #error Not a  SunPro compiler :-(
| ******* ======= ******** &&&&&&&&
| #endif
| 
configure:5059: result: no
configure:5288: updating cache /tmp/XSB-25-06-26-17_02_22/config/x86_64-pc-linux-gnu/config.cache
configure:5373: creating ./config.status

## ---------------------- ##
## Running config.status. ##
## ---------------------- ##

This file was extended by config.status, which was
generated by GNU Autoconf 2.69.  Invocation command line was

  CONFIG_FILES    = 
  CONFIG_HEADERS  = 
  CONFIG_LINKS    = 
  CONFIG_COMMANDS = 
  $ ./config.status 

on kenobi

config.status:815: creating /tmp/XSB-25-06-26-17_02_22/packages/xsbpy/configvars.sh
configure:5280: checking whether make sets $(MAKE)
configure:5302: result: yes
configure:5318: checking size of long int
configure:5323: gcc -o conftest -Wall -pipe -fsigned-char   conftest.c  >&5
configure:5323: $? = 0
configure:5323: ./conftest
configure:5323: $? = 0
configure:5337: result: 8
configure:5403: checking for main in -lm
configure:5422: gcc -o conftest -Wall -pipe -fsigned-char   conftest.c -lm   >&5
conftest.c: In function 'main':
conftest.c:40:1: warning: infinite recursion detected [-Winfinite-recursion]
   40 | main ()
      | ^~~~
conftest.c:42:8: note: recursive call
   42 | return main ();
      |        ^~~~~~~
configure:5422: $? = 0
configure:5431: result: yes
configure:5446: checking for main in -ldl
configure:5465: gcc -o conftest -Wall -pipe -fsigned-char   conftest.c -ldl  -lm  >&5
conftest.c: In function 'main':
conftest.c:41:1: warning: infinite recursion detected [-Winfinite-recursion]
   41 | main ()
      | ^~~~
conftest.c:43:8: note: recursive call
   43 | return main ();
      |        ^~~~~~~
configure:5465: $? = 0
configure:5474: result: yes
configure:5487: checking for main in -lnsl
configure:5506: gcc -o conftest -Wall -pipe -fsigned-char   conftest.c -lnsl  -ldl -lm  >&5
conftest.c: In function 'main':
conftest.c:42:1: warning: infinite recursion detected [-Winfinite-recursion]
   42 | main ()
      | ^~~~
conftest.c:44:8: note: recursive call
   44 | return main ();
      |        ^~~~~~~
configure:5506: $? = 0
configure:5515: result: yes
configure:5528: checking for main in -lpthread
configure:5547: gcc -o conftest -Wall -pipe -fsigned-char   conftest.c -lpthread  -lnsl -ldl -lm  >&5
conftest.c: In function 'main':
conftest.c:43:1: warning: infinite recursion detected [-Winfinite-recursion]
   43 | main ()
      | ^~~~
conftest.c:45:8: note: recursive call
   45 | return main ();
      |        ^~~~~~~
configure:5547: $? = 0
configure:5556: result: yes
configure:5569: checking for main in -lsocket
configure:5588: gcc -o conftest -Wall -pipe -fsigned-char   conftest.c -lsocket  -lpthread -lnsl -ldl -lm  >&5
conftest.c: In function 'main':
conftest.c:44:1: warning: infinite recursion detected [-Winfinite-recursion]
   44 | main ()
      | ^~~~
conftest.c:46:8: note: recursive call
   46 | return main ();
      |        ^~~~~~~
/usr/bin/ld: cannot find -lsocket: No such file or directory
collect2: error: ld returned 1 exit status
configure:5588: $? = 1
configure: failed program was:
| /* confdefs.h */
| #define PACKAGE_NAME ""
| #define PACKAGE_TARNAME ""
| #define PACKAGE_VERSION ""
| #define PACKAGE_STRING ""
| #define PACKAGE_BUGREPORT ""
| #define PACKAGE_URL ""
| #define CONFIG_INCLUDED 1
| #define ___ALWAYS_TRUE___ 1
| #define XSB_VERSION "5.0.0 (Green Tea)"
| #define RELEASE_DATE 2022-05-15
| #define RELEASE_YEAR 2022
| #define RELEASE_MONTH 5
| #define RELEASE_DAY 15
| #define LOCAL_EVAL 1
| #define GC 1
| #define SLG_GC 1
| #define STDC_HEADERS 1
| #define HAVE_SYS_TYPES_H 1
| #define HAVE_SYS_STAT_H 1
| #define HAVE_STDLIB_H 1
| #define HAVE_STRING_H 1
| #define HAVE_MEMORY_H 1
| #define HAVE_STRINGS_H 1
| #define HAVE_INTTYPES_H 1
| #define HAVE_STDINT_H 1
| #define HAVE_UNISTD_H 1
| #define __EXTENSIONS__ 1
| #define _ALL_SOURCE 1
| #define _GNU_SOURCE 1
| #define _POSIX_PTHREAD_SEMANTICS 1
| #define _TANDEM_SOURCE 1
| #define CC "gcc"
| #define SIZEOF_LONG_INT 8
| #define BITS64 1
| #define HAVE_LIBM 1
| #define HAVE_LIBDL 1
| #define HAVE_LIBNSL 1
| #define HAVE_LIBPTHREAD 1
| /* end confdefs.h.  */
| 
| 
| int
| main ()
| {
| return main ();
|   ;
|   return 0;
| }
configure:5597: result: no
configure:5611: checking for readline in -lreadline
configure:5636: gcc -o conftest -Wall -pipe -fsigned-char   conftest.c -lreadline  -lpthread -lnsl -ldl -lm  >&5
configure:5636: $? = 0
configure:5645: result: yes
configure:5656: checking for sched_get_priority_max
configure:5656: gcc -o conftest -Wall -pipe -fsigned-char   conftest.c -lpthread -lnsl -ldl -lm  >&5
configure:5656: $? = 0
configure:5656: result: yes
configure:5705: checking stdarg.h usability
configure:5705: gcc -c -Wall -pipe -fsigned-char  conftest.c >&5
configure:5705: $? = 0
configure:5705: result: yes
configure:5705: checking stdarg.h presence
configure:5705: gcc -E  conftest.c
configure:5705: $? = 0
configure:5705: result: yes
configure:5705: checking for stdarg.h
configure:5705: result: yes
configure:5724: checking sys/time.h usability
configure:5724: gcc -c -Wall -pipe -fsigned-char  conftest.c >&5
configure:5724: $? = 0
configure:5724: result: yes
configure:5724: checking sys/time.h presence
configure:5724: gcc -E  conftest.c
configure:5724: $? = 0
configure:5724: result: yes
configure:5724: checking for sys/time.h
configure:5724: result: yes
configure:5735: checking whether time.h and sys/time.h may both be included
configure:5755: gcc -c -Wall -pipe -fsigned-char  conftest.c >&5
configure:5755: $? = 0
configure:5762: result: yes
configure:5773: checking for malloc
configure:5773: gcc -o conftest -Wall -pipe -fsigned-char   conftest.c -lpthread -lnsl -ldl -lm  >&5
conftest.c:68:6: warning: conflicting types for built-in function 'malloc'; expected 'void *(long unsigned int)' [-Wbuiltin-declaration-mismatch]
   68 | char malloc ();
      |      ^~~~~~
conftest.c:56:1: note: 'malloc' is declared in header '<stdlib.h>'
   55 | # include <limits.h>
   56 | #else
configure:5773: $? = 0
configure:5773: result: yes
configure:5790: checking for unistd.h
configure:5790: result: yes
configure:5790: checking for string.h
configure:5790: result: yes
configure:5790: checking for stdlib.h
configure:5790: result: yes
configure:5808: checking for an ANSI C-conforming const
configure:5874: gcc -c -Wall -pipe -fsigned-char  conftest.c >&5
configure:5874: $? = 0
configure:5881: result: yes
configure:5890: checking return type of signal handlers
configure:5908: gcc -c -Wall -pipe -fsigned-char  conftest.c >&5
conftest.c: In function 'main':
conftest.c:55:10: error: void value not ignored as it ought to be
   55 | return *(signal (0, 0)) (0) == 1;
      |         ~^~~~~~~~~~~~~~~~~~
configure:5908: $? = 1
configure: failed program was:
| /* confdefs.h */
| #define PACKAGE_NAME ""
| #define PACKAGE_TARNAME ""
| #define PACKAGE_VERSION ""
| #define PACKAGE_STRING ""
| #define PACKAGE_BUGREPORT ""
| #define PACKAGE_URL ""
| #define CONFIG_INCLUDED 1
| #define ___ALWAYS_TRUE___ 1
| #define XSB_VERSION "5.0.0 (Green Tea)"
| #define RELEASE_DATE 2022-05-15
| #define RELEASE_YEAR 2022
| #define RELEASE_MONTH 5
| #define RELEASE_DAY 15
| #define LOCAL_EVAL 1
| #define GC 1
| #define SLG_GC 1
| #define STDC_HEADERS 1
| #define HAVE_SYS_TYPES_H 1
| #define HAVE_SYS_STAT_H 1
| #define HAVE_STDLIB_H 1
| #define HAVE_STRING_H 1
| #define HAVE_MEMORY_H 1
| #define HAVE_STRINGS_H 1
| #define HAVE_INTTYPES_H 1
| #define HAVE_STDINT_H 1
| #define HAVE_UNISTD_H 1
| #define __EXTENSIONS__ 1
| #define _ALL_SOURCE 1
| #define _GNU_SOURCE 1
| #define _POSIX_PTHREAD_SEMANTICS 1
| #define _TANDEM_SOURCE 1
| #define CC "gcc"
| #define SIZEOF_LONG_INT 8
| #define BITS64 1
| #define HAVE_LIBM 1
| #define HAVE_LIBDL 1
| #define HAVE_LIBNSL 1
| #define HAVE_LIBPTHREAD 1
| #define HAVE_READLINE 1
| #define HAVE_STDARG_H 1
| #define HAVE_SYS_TIME_H 1
| #define TIME_WITH_SYS_TIME 1
| #define HAVE_MALLOC 1
| #define HAVE_UNISTD_H 1
| #define HAVE_STRING_H 1
| #define HAVE_STDLIB_H 1
| /* end confdefs.h.  */
| #include <sys/types.h>
| #include <signal.h>
| 
| int
| main ()
| {
| return *(signal (0, 0)) (0) == 1;
|   ;
|   return 0;
| }
configure:5915: result: void
configure:5926: checking for strdup
configure:5926: gcc -o conftest -Wall -pipe -fsigned-char   conftest.c -lpthread -lnsl -ldl -lm  >&5
conftest.c:73:6: warning: conflicting types for built-in function 'strdup'; expected 'char *(const char *)' [-Wbuiltin-declaration-mismatch]
   73 | char strdup ();
      |      ^~~~~~
configure:5926: $? = 0
configure:5926: result: yes
configure:5926: checking for mkdir
configure:5926: gcc -o conftest -Wall -pipe -fsigned-char   conftest.c -lpthread -lnsl -ldl -lm  >&5
configure:5926: $? = 0
configure:5926: result: yes
configure:5945: checking for gethostbyname
configure:5945: gcc -o conftest -Wall -pipe -fsigned-char   conftest.c -lpthread -lnsl -ldl -lm  >&5
configure:5945: $? = 0
configure:5945: result: yes
configure:5945: checking for gettimeofday
configure:5945: gcc -o conftest -Wall -pipe -fsigned-char   conftest.c -lpthread -lnsl -ldl -lm  >&5
configure:5945: $? = 0
configure:5945: result: yes
configure:5945: checking for socket
configure:5945: gcc -o conftest -Wall -pipe -fsigned-char   conftest.c -lpthread -lnsl -ldl -lm  >&5
configure:5945: $? = 0
configure:5945: result: yes
configure:5945: checking for snprintf
configure:5945: gcc -o conftest -Wall -pipe -fsigned-char   conftest.c -lpthread -lnsl -ldl -lm  >&5
conftest.c:78:6: warning: conflicting types for built-in function 'snprintf'; expected 'int(char *, long unsigned int,  const char *, ...)' [-Wbuiltin-declaration-mismatch]
   78 | char snprintf ();
      |      ^~~~~~~~
conftest.c:66:1: note: 'snprintf' is declared in header '<stdio.h>'
   65 | # include <limits.h>
   66 | #else
configure:5945: $? = 0
configure:5945: result: yes
configure:5958: checking for regexec
configure:5958: gcc -o conftest -Wall -pipe -fsigned-char   conftest.c -lpthread -lnsl -ldl -lm  >&5
configure:5958: $? = 0
configure:5958: result: yes
configure:5958: checking for regerror
configure:5958: gcc -o conftest -Wall -pipe -fsigned-char   conftest.c -lpthread -lnsl -ldl -lm  >&5
configure:5958: $? = 0
configure:5958: result: yes
configure:5958: checking for regcomp
configure:5958: gcc -o conftest -Wall -pipe -fsigned-char   conftest.c -lpthread -lnsl -ldl -lm  >&5
configure:5958: $? = 0
configure:5958: result: yes
configure:5972: checking for fnmatch
configure:5972: gcc -o conftest -Wall -pipe -fsigned-char   conftest.c -lpthread -lnsl -ldl -lm  >&5
configure:5972: $? = 0
configure:5972: result: yes
configure:5972: checking for glob
configure:5972: gcc -o conftest -Wall -pipe -fsigned-char   conftest.c -lpthread -lnsl -ldl -lm  >&5
configure:5972: $? = 0
configure:5972: result: yes
configure:5972: checking for globfree
configure:5972: gcc -o conftest -Wall -pipe -fsigned-char   conftest.c -lpthread -lnsl -ldl -lm  >&5
configure:5972: $? = 0
configure:5972: result: yes
configure:5986: checking for execvp
configure:5986: gcc -o conftest -Wall -pipe -fsigned-char   conftest.c -lpthread -lnsl -ldl -lm  >&5
conftest.c:85:6: warning: conflicting types for built-in function 'execvp'; expected 'int(const char *, char * const*)' [-Wbuiltin-declaration-mismatch]
   85 | char execvp ();
      |      ^~~~~~
configure:5986: $? = 0
configure:5986: result: yes
configure:6198: checking for itkwish
configure:6230: result: no
configure:6274: checking whether loader understands -Wl,-export-dynamic
configure:6282: gcc -o conftest -Wall -pipe -fsigned-char  -Wl,-export-dynamic conftest.c  -lpthread -lnsl -ldl -lm  >&5
conftest.c:65:1: error: return type defaults to 'int' [-Wimplicit-int]
   65 | main(){return 0;}
      | ^~~~
configure:6282: $? = 1
configure: failed program was:
| /* confdefs.h */
| #define PACKAGE_NAME ""
| #define PACKAGE_TARNAME ""
| #define PACKAGE_VERSION ""
| #define PACKAGE_STRING ""
| #define PACKAGE_BUGREPORT ""
| #define PACKAGE_URL ""
| #define CONFIG_INCLUDED 1
| #define ___ALWAYS_TRUE___ 1
| #define XSB_VERSION "5.0.0 (Green Tea)"
| #define RELEASE_DATE 2022-05-15
| #define RELEASE_YEAR 2022
| #define RELEASE_MONTH 5
| #define RELEASE_DAY 15
| #define LOCAL_EVAL 1
| #define GC 1
| #define SLG_GC 1
| #define STDC_HEADERS 1
| #define HAVE_SYS_TYPES_H 1
| #define HAVE_SYS_STAT_H 1
| #define HAVE_STDLIB_H 1
| #define HAVE_STRING_H 1
| #define HAVE_MEMORY_H 1
| #define HAVE_STRINGS_H 1
| #define HAVE_INTTYPES_H 1
| #define HAVE_STDINT_H 1
| #define HAVE_UNISTD_H 1
| #define __EXTENSIONS__ 1
| #define _ALL_SOURCE 1
| #define _GNU_SOURCE 1
| #define _POSIX_PTHREAD_SEMANTICS 1
| #define _TANDEM_SOURCE 1
| #define CC "gcc"
| #define SIZEOF_LONG_INT 8
| #define BITS64 1
| #define HAVE_LIBM 1
| #define HAVE_LIBDL 1
| #define HAVE_LIBNSL 1
| #define HAVE_LIBPTHREAD 1
| #define HAVE_READLINE 1
| #define HAVE_STDARG_H 1
| #define HAVE_SYS_TIME_H 1
| #define TIME_WITH_SYS_TIME 1
| #define HAVE_MALLOC 1
| #define HAVE_UNISTD_H 1
| #define HAVE_STRING_H 1
| #define HAVE_STDLIB_H 1
| #define RETSIGTYPE void
| #define HAVE_STRDUP 1
| #define HAVE_MKDIR 1
| #define HAVE_GETHOSTBYNAME 1
| #define HAVE_GETTIMEOFDAY 1
| #define HAVE_SOCKET 1
| #define HAVE_SNPRINTF 1
| #define HAVE_REGEXEC 1
| #define HAVE_REGERROR 1
| #define HAVE_REGCOMP 1
| #define HAVE_FNMATCH 1
| #define HAVE_GLOB 1
| #define HAVE_GLOBFREE 1
| #define HAVE_EXECVP 1
| #define JUMPTABLE_EMULOOP 1
| #define INSN_BLOCKS 1
| /* end confdefs.h.  */
| main(){return 0;}
configure:6289: result: no
configure:6517: checking sys/resource.h usability
configure:6517: gcc -c  -fPIC -Wall -pipe -fsigned-char   conftest.c >&5
configure:6517: $? = 0
configure:6517: result: yes
configure:6517: checking sys/resource.h presence
configure:6517: gcc -E  conftest.c
configure:6517: $? = 0
configure:6517: result: yes
configure:6517: checking for sys/resource.h
configure:6517: result: yes
configure:6549: checking for inline
configure:6565: gcc -c  -fPIC -Wall -pipe -fsigned-char   conftest.c >&5
configure:6565: $? = 0
configure:6573: result: inline
configure:7068: checking jni.h usability
configure:7068: gcc -c  -O3 -fno-strict-aliasing   -fPIC -Wall -pipe -fsigned-char   conftest.c >&5
conftest.c:103:10: fatal error: jni.h: No such file or directory
  103 | #include <jni.h>
      |          ^~~~~~~
compilation terminated.
configure:7068: $? = 1
configure: failed program was:
| /* confdefs.h */
| #define PACKAGE_NAME ""
| #define PACKAGE_TARNAME ""
| #define PACKAGE_VERSION ""
| #define PACKAGE_STRING ""
| #define PACKAGE_BUGREPORT ""
| #define PACKAGE_URL ""
| #define CONFIG_INCLUDED 1
| #define ___ALWAYS_TRUE___ 1
| #define XSB_VERSION "5.0.0 (Green Tea)"
| #define RELEASE_DATE 2022-05-15
| #define RELEASE_YEAR 2022
| #define RELEASE_MONTH 5
| #define RELEASE_DAY 15
| #define LOCAL_EVAL 1
| #define GC 1
| #define SLG_GC 1
| #define STDC_HEADERS 1
| #define HAVE_SYS_TYPES_H 1
| #define HAVE_SYS_STAT_H 1
| #define HAVE_STDLIB_H 1
| #define HAVE_STRING_H 1
| #define HAVE_MEMORY_H 1
| #define HAVE_STRINGS_H 1
| #define HAVE_INTTYPES_H 1
| #define HAVE_STDINT_H 1
| #define HAVE_UNISTD_H 1
| #define __EXTENSIONS__ 1
| #define _ALL_SOURCE 1
| #define _GNU_SOURCE 1
| #define _POSIX_PTHREAD_SEMANTICS 1
| #define _TANDEM_SOURCE 1
| #define CC "gcc"
| #define SIZEOF_LONG_INT 8
| #define BITS64 1
| #define HAVE_LIBM 1
| #define HAVE_LIBDL 1
| #define HAVE_LIBNSL 1
| #define HAVE_LIBPTHREAD 1
| #define HAVE_READLINE 1
| #define HAVE_STDARG_H 1
| #define HAVE_SYS_TIME_H 1
| #define TIME_WITH_SYS_TIME 1
| #define HAVE_MALLOC 1
| #define HAVE_UNISTD_H 1
| #define HAVE_STRING_H 1
| #define HAVE_STDLIB_H 1
| #define RETSIGTYPE void
| #define HAVE_STRDUP 1
| #define HAVE_MKDIR 1
| #define HAVE_GETHOSTBYNAME 1
| #define HAVE_GETTIMEOFDAY 1
| #define HAVE_SOCKET 1
| #define HAVE_SNPRINTF 1
| #define HAVE_REGEXEC 1
| #define HAVE_REGERROR 1
| #define HAVE_REGCOMP 1
| #define HAVE_FNMATCH 1
| #define HAVE_GLOB 1
| #define HAVE_GLOBFREE 1
| #define HAVE_EXECVP 1
| #define JUMPTABLE_EMULOOP 1
| #define INSN_BLOCKS 1
| #define LINUX 1
| #define _GNU_SOURCE 1
| #define LINUX_ELF 1
| #define FOREIGN_ELF 1
| #define HAVE_SYS_RESOURCE_H 1
| /* end confdefs.h.  */
| #include <stdio.h>
| #ifdef HAVE_SYS_TYPES_H
| # include <sys/types.h>
| #endif
| #ifdef HAVE_SYS_STAT_H
| # include <sys/stat.h>
| #endif
| #ifdef STDC_HEADERS
| # include <stdlib.h>
| # include <stddef.h>
| #else
| # ifdef HAVE_STDLIB_H
| #  include <stdlib.h>
| # endif
| #endif
| #ifdef HAVE_STRING_H
| # if !defined STDC_HEADERS && defined HAVE_MEMORY_H
| #  include <memory.h>
| # endif
| # include <string.h>
| #endif
| #ifdef HAVE_STRINGS_H
| # include <strings.h>
| #endif
| #ifdef HAVE_INTTYPES_H
| # include <inttypes.h>
| #endif
| #ifdef HAVE_STDINT_H
| # include <stdint.h>
| #endif
| #ifdef HAVE_UNISTD_H
| # include <unistd.h>
| #endif
| #include <jni.h>
configure:7068: result: no
configure:7068: checking jni.h presence
configure:7068: gcc -E  conftest.c
conftest.c:70:10: fatal error: jni.h: No such file or directory
   70 | #include <jni.h>
      |          ^~~~~~~
compilation terminated.
configure:7068: $? = 1
configure: failed program was:
| /* confdefs.h */
| #define PACKAGE_NAME ""
| #define PACKAGE_TARNAME ""
| #define PACKAGE_VERSION ""
| #define PACKAGE_STRING ""
| #define PACKAGE_BUGREPORT ""
| #define PACKAGE_URL ""
| #define CONFIG_INCLUDED 1
| #define ___ALWAYS_TRUE___ 1
| #define XSB_VERSION "5.0.0 (Green Tea)"
| #define RELEASE_DATE 2022-05-15
| #define RELEASE_YEAR 2022
| #define RELEASE_MONTH 5
| #define RELEASE_DAY 15
| #define LOCAL_EVAL 1
| #define GC 1
| #define SLG_GC 1
| #define STDC_HEADERS 1
| #define HAVE_SYS_TYPES_H 1
| #define HAVE_SYS_STAT_H 1
| #define HAVE_STDLIB_H 1
| #define HAVE_STRING_H 1
| #define HAVE_MEMORY_H 1
| #define HAVE_STRINGS_H 1
| #define HAVE_INTTYPES_H 1
| #define HAVE_STDINT_H 1
| #define HAVE_UNISTD_H 1
| #define __EXTENSIONS__ 1
| #define _ALL_SOURCE 1
| #define _GNU_SOURCE 1
| #define _POSIX_PTHREAD_SEMANTICS 1
| #define _TANDEM_SOURCE 1
| #define CC "gcc"
| #define SIZEOF_LONG_INT 8
| #define BITS64 1
| #define HAVE_LIBM 1
| #define HAVE_LIBDL 1
| #define HAVE_LIBNSL 1
| #define HAVE_LIBPTHREAD 1
| #define HAVE_READLINE 1
| #define HAVE_STDARG_H 1
| #define HAVE_SYS_TIME_H 1
| #define TIME_WITH_SYS_TIME 1
| #define HAVE_MALLOC 1
| #define HAVE_UNISTD_H 1
| #define HAVE_STRING_H 1
| #define HAVE_STDLIB_H 1
| #define RETSIGTYPE void
| #define HAVE_STRDUP 1
| #define HAVE_MKDIR 1
| #define HAVE_GETHOSTBYNAME 1
| #define HAVE_GETTIMEOFDAY 1
| #define HAVE_SOCKET 1
| #define HAVE_SNPRINTF 1
| #define HAVE_REGEXEC 1
| #define HAVE_REGERROR 1
| #define HAVE_REGCOMP 1
| #define HAVE_FNMATCH 1
| #define HAVE_GLOB 1
| #define HAVE_GLOBFREE 1
| #define HAVE_EXECVP 1
| #define JUMPTABLE_EMULOOP 1
| #define INSN_BLOCKS 1
| #define LINUX 1
| #define _GNU_SOURCE 1
| #define LINUX_ELF 1
| #define FOREIGN_ELF 1
| #define HAVE_SYS_RESOURCE_H 1
| /* end confdefs.h.  */
| #include <jni.h>
configure:7068: result: no
configure:7068: checking for jni.h
configure:7068: result: no
configure:7068: checking jni_md.h usability
configure:7068: gcc -c  -O3 -fno-strict-aliasing   -fPIC -Wall -pipe -fsigned-char   conftest.c >&5
conftest.c:103:10: fatal error: jni_md.h: No such file or directory
  103 | #include <jni_md.h>
      |          ^~~~~~~~~~
compilation terminated.
configure:7068: $? = 1
configure: failed program was:
| /* confdefs.h */
| #define PACKAGE_NAME ""
| #define PACKAGE_TARNAME ""
| #define PACKAGE_VERSION ""
| #define PACKAGE_STRING ""
| #define PACKAGE_BUGREPORT ""
| #define PACKAGE_URL ""
| #define CONFIG_INCLUDED 1
| #define ___ALWAYS_TRUE___ 1
| #define XSB_VERSION "5.0.0 (Green Tea)"
| #define RELEASE_DATE 2022-05-15
| #define RELEASE_YEAR 2022
| #define RELEASE_MONTH 5
| #define RELEASE_DAY 15
| #define LOCAL_EVAL 1
| #define GC 1
| #define SLG_GC 1
| #define STDC_HEADERS 1
| #define HAVE_SYS_TYPES_H 1
| #define HAVE_SYS_STAT_H 1
| #define HAVE_STDLIB_H 1
| #define HAVE_STRING_H 1
| #define HAVE_MEMORY_H 1
| #define HAVE_STRINGS_H 1
| #define HAVE_INTTYPES_H 1
| #define HAVE_STDINT_H 1
| #define HAVE_UNISTD_H 1
| #define __EXTENSIONS__ 1
| #define _ALL_SOURCE 1
| #define _GNU_SOURCE 1
| #define _POSIX_PTHREAD_SEMANTICS 1
| #define _TANDEM_SOURCE 1
| #define CC "gcc"
| #define SIZEOF_LONG_INT 8
| #define BITS64 1
| #define HAVE_LIBM 1
| #define HAVE_LIBDL 1
| #define HAVE_LIBNSL 1
| #define HAVE_LIBPTHREAD 1
| #define HAVE_READLINE 1
| #define HAVE_STDARG_H 1
| #define HAVE_SYS_TIME_H 1
| #define TIME_WITH_SYS_TIME 1
| #define HAVE_MALLOC 1
| #define HAVE_UNISTD_H 1
| #define HAVE_STRING_H 1
| #define HAVE_STDLIB_H 1
| #define RETSIGTYPE void
| #define HAVE_STRDUP 1
| #define HAVE_MKDIR 1
| #define HAVE_GETHOSTBYNAME 1
| #define HAVE_GETTIMEOFDAY 1
| #define HAVE_SOCKET 1
| #define HAVE_SNPRINTF 1
| #define HAVE_REGEXEC 1
| #define HAVE_REGERROR 1
| #define HAVE_REGCOMP 1
| #define HAVE_FNMATCH 1
| #define HAVE_GLOB 1
| #define HAVE_GLOBFREE 1
| #define HAVE_EXECVP 1
| #define JUMPTABLE_EMULOOP 1
| #define INSN_BLOCKS 1
| #define LINUX 1
| #define _GNU_SOURCE 1
| #define LINUX_ELF 1
| #define FOREIGN_ELF 1
| #define HAVE_SYS_RESOURCE_H 1
| /* end confdefs.h.  */
| #include <stdio.h>
| #ifdef HAVE_SYS_TYPES_H
| # include <sys/types.h>
| #endif
| #ifdef HAVE_SYS_STAT_H
| # include <sys/stat.h>
| #endif
| #ifdef STDC_HEADERS
| # include <stdlib.h>
| # include <stddef.h>
| #else
| # ifdef HAVE_STDLIB_H
| #  include <stdlib.h>
| # endif
| #endif
| #ifdef HAVE_STRING_H
| # if !defined STDC_HEADERS && defined HAVE_MEMORY_H
| #  include <memory.h>
| # endif
| # include <string.h>
| #endif
| #ifdef HAVE_STRINGS_H
| # include <strings.h>
| #endif
| #ifdef HAVE_INTTYPES_H
| # include <inttypes.h>
| #endif
| #ifdef HAVE_STDINT_H
| # include <stdint.h>
| #endif
| #ifdef HAVE_UNISTD_H
| # include <unistd.h>
| #endif
| #include <jni_md.h>
configure:7068: result: no
configure:7068: checking jni_md.h presence
configure:7068: gcc -E  conftest.c
conftest.c:70:10: fatal error: jni_md.h: No such file or directory
   70 | #include <jni_md.h>
      |          ^~~~~~~~~~
compilation terminated.
configure:7068: $? = 1
configure: failed program was:
| /* confdefs.h */
| #define PACKAGE_NAME ""
| #define PACKAGE_TARNAME ""
| #define PACKAGE_VERSION ""
| #define PACKAGE_STRING ""
| #define PACKAGE_BUGREPORT ""
| #define PACKAGE_URL ""
| #define CONFIG_INCLUDED 1
| #define ___ALWAYS_TRUE___ 1
| #define XSB_VERSION "5.0.0 (Green Tea)"
| #define RELEASE_DATE 2022-05-15
| #define RELEASE_YEAR 2022
| #define RELEASE_MONTH 5
| #define RELEASE_DAY 15
| #define LOCAL_EVAL 1
| #define GC 1
| #define SLG_GC 1
| #define STDC_HEADERS 1
| #define HAVE_SYS_TYPES_H 1
| #define HAVE_SYS_STAT_H 1
| #define HAVE_STDLIB_H 1
| #define HAVE_STRING_H 1
| #define HAVE_MEMORY_H 1
| #define HAVE_STRINGS_H 1
| #define HAVE_INTTYPES_H 1
| #define HAVE_STDINT_H 1
| #define HAVE_UNISTD_H 1
| #define __EXTENSIONS__ 1
| #define _ALL_SOURCE 1
| #define _GNU_SOURCE 1
| #define _POSIX_PTHREAD_SEMANTICS 1
| #define _TANDEM_SOURCE 1
| #define CC "gcc"
| #define SIZEOF_LONG_INT 8
| #define BITS64 1
| #define HAVE_LIBM 1
| #define HAVE_LIBDL 1
| #define HAVE_LIBNSL 1
| #define HAVE_LIBPTHREAD 1
| #define HAVE_READLINE 1
| #define HAVE_STDARG_H 1
| #define HAVE_SYS_TIME_H 1
| #define TIME_WITH_SYS_TIME 1
| #define HAVE_MALLOC 1
| #define HAVE_UNISTD_H 1
| #define HAVE_STRING_H 1
| #define HAVE_STDLIB_H 1
| #define RETSIGTYPE void
| #define HAVE_STRDUP 1
| #define HAVE_MKDIR 1
| #define HAVE_GETHOSTBYNAME 1
| #define HAVE_GETTIMEOFDAY 1
| #define HAVE_SOCKET 1
| #define HAVE_SNPRINTF 1
| #define HAVE_REGEXEC 1
| #define HAVE_REGERROR 1
| #define HAVE_REGCOMP 1
| #define HAVE_FNMATCH 1
| #define HAVE_GLOB 1
| #define HAVE_GLOBFREE 1
| #define HAVE_EXECVP 1
| #define JUMPTABLE_EMULOOP 1
| #define INSN_BLOCKS 1
| #define LINUX 1
| #define _GNU_SOURCE 1
| #define LINUX_ELF 1
| #define FOREIGN_ELF 1
| #define HAVE_SYS_RESOURCE_H 1
| /* end confdefs.h.  */
| #include <jni_md.h>
configure:7068: result: no
configure:7068: checking for jni_md.h
configure:7068: result: no
configure:7288: updating cache /tmp/XSB-25-06-26-17_02_22/config/x86_64-pc-linux-gnu/config.cache
configure:7337: creating ./config.status

## ---------------------- ##
## Running config.status. ##
## ---------------------- ##

This file was extended by config.status, which was
generated by GNU Autoconf 2.69.  Invocation command line was

  CONFIG_FILES    = 
  CONFIG_HEADERS  = 
  CONFIG_LINKS    = 
  CONFIG_COMMANDS = 
  $ ./config.status 

on kenobi

config.status:969: creating /tmp/XSB-25-06-26-17_02_22/packages/xsbpy/configvars.sh
config.status:969: creating /tmp/XSB-25-06-26-17_02_22/config/x86_64-pc-linux-gnu/topMakefile
config.status:969: creating /tmp/XSB-25-06-26-17_02_22/config/x86_64-pc-linux-gnu/emuMakefile
config.status:969: creating /tmp/XSB-25-06-26-17_02_22/config/x86_64-pc-linux-gnu/modMakefile
config.status:969: creating /tmp/XSB-25-06-26-17_02_22/config/x86_64-pc-linux-gnu/gppMakefile
config.status:969: creating /tmp/XSB-25-06-26-17_02_22/config/x86_64-pc-linux-gnu/smoMakefile
config.status:969: creating /tmp/XSB-25-06-26-17_02_22/config/x86_64-pc-linux-gnu/makedef.sh
config.status:969: creating /tmp/XSB-25-06-26-17_02_22/config/x86_64-pc-linux-gnu/lib/xsb_configuration.P
config.status:969: creating windows/xsb_configuration.P
config.status:969: creating windows64/xsb_configuration.P
config.status:969: creating windows64arm/xsb_configuration.P
config.status:969: creating makexsb
config.status:969: creating /tmp/XSB-25-06-26-17_02_22/bin/chr_pp
config.status:969: creating /tmp/XSB-25-06-26-17_02_22/bin/xsb
config.status:969: creating /tmp/XSB-25-06-26-17_02_22/bin/xsb.bat
config.status:969: creating /tmp/XSB-25-06-26-17_02_22/bin/xsb64.bat
config.status:969: creating /tmp/XSB-25-06-26-17_02_22/bin/xsb64arm.bat
config.status:969: creating /tmp/XSB-25-06-26-17_02_22/config/x86_64-pc-linux-gnu/banner.msg
config.status:969: creating windows/banner.msg
config.status:969: creating windows64arm/banner.msg
config.status:969: creating windows/MSVC_mkfile.mak
config.status:969: creating windows64arm/MSVC_mkfile.mak
config.status:969: creating /tmp/XSB-25-06-26-17_02_22/packages/xmc/xmc-gui
config.status:969: creating /tmp/XSB-25-06-26-17_02_22/config/x86_64-pc-linux-gnu/xsb_config.h
config.status:969: creating windows/xsb_config.h
config.status:1144: windows/xsb_config.h is unchanged
config.status:969: creating windows/xsb_debug.h
config.status:1144: windows/xsb_debug.h is unchanged
config.status:969: creating windows64/xsb_config.h
config.status:1144: windows64/xsb_config.h is unchanged
config.status:969: creating windows64/xsb_debug.h
config.status:1144: windows64/xsb_debug.h is unchanged
config.status:969: creating windows64arm/xsb_config.h
config.status:1144: windows64arm/xsb_config.h is unchanged
config.status:969: creating windows64arm/xsb_debug.h
config.status:1144: windows64arm/xsb_debug.h is unchanged
config.status:969: creating /tmp/XSB-25-06-26-17_02_22/config/x86_64-pc-linux-gnu/xsb_debug.h

## ---------------- ##
## Cache variables. ##
## ---------------- ##

ac_cv_build=x86_64-pc-linux-gnu
ac_cv_c_compiler_gnu=yes
ac_cv_c_const=yes
ac_cv_c_inline=inline
ac_cv_env_CCC_set=
ac_cv_env_CCC_value=
ac_cv_env_CC_set=
ac_cv_env_CC_value=
ac_cv_env_CFLAGS_set=
ac_cv_env_CFLAGS_value=
ac_cv_env_CPPFLAGS_set=
ac_cv_env_CPPFLAGS_value=
ac_cv_env_CPP_set=
ac_cv_env_CPP_value=
ac_cv_env_CXXFLAGS_set=
ac_cv_env_CXXFLAGS_value=
ac_cv_env_CXX_set=
ac_cv_env_CXX_value=
ac_cv_env_LDFLAGS_set=
ac_cv_env_LDFLAGS_value=
ac_cv_env_LIBS_set=
ac_cv_env_LIBS_value=
ac_cv_env_build_alias_set=
ac_cv_env_build_alias_value=
ac_cv_env_host_alias_set=
ac_cv_env_host_alias_value=
ac_cv_env_target_alias_set=
ac_cv_env_target_alias_value=
ac_cv_func_execvp=yes
ac_cv_func_fnmatch=yes
ac_cv_func_gethostbyname=yes
ac_cv_func_gettimeofday=yes
ac_cv_func_glob=yes
ac_cv_func_globfree=yes
ac_cv_func_malloc=yes
ac_cv_func_mkdir=yes
ac_cv_func_regcomp=yes
ac_cv_func_regerror=yes
ac_cv_func_regexec=yes
ac_cv_func_sched_get_priority_max=yes
ac_cv_func_snprintf=yes
ac_cv_func_socket=yes
ac_cv_func_strdup=yes
ac_cv_header_inttypes_h=yes
ac_cv_header_jni_h=no
ac_cv_header_jni_md_h=no
ac_cv_header_memory_h=yes
ac_cv_header_minix_config_h=no
ac_cv_header_stdarg_h=yes
ac_cv_header_stdc=yes
ac_cv_header_stdint_h=yes
ac_cv_header_stdlib_h=yes
ac_cv_header_string_h=yes
ac_cv_header_strings_h=yes
ac_cv_header_sys_resource_h=yes
ac_cv_header_sys_stat_h=yes
ac_cv_header_sys_time_h=yes
ac_cv_header_sys_types_h=yes
ac_cv_header_time=yes
ac_cv_header_unistd_h=yes
ac_cv_host=x86_64-pc-linux-gnu
ac_cv_lib_dl_main=yes
ac_cv_lib_m_main=yes
ac_cv_lib_nsl_main=yes
ac_cv_lib_pthread_main=yes
ac_cv_lib_readline_readline=yes
ac_cv_lib_socket_main=no
ac_cv_objext=o
ac_cv_path_EGREP='/usr/bin/grep -E'
ac_cv_path_GREP=/usr/bin/grep
ac_cv_path_install='/usr/bin/install -c'
ac_cv_path_itkwish_path=no
ac_cv_prog_CPP='gcc -E'
ac_cv_prog_ac_ct_CC=gcc
ac_cv_prog_cc_c89=
ac_cv_prog_cc_g=yes
ac_cv_prog_has_gcc=yes
ac_cv_prog_make_make_set=yes
ac_cv_safe_to_define___extensions__=yes
ac_cv_sizeof_long_int=8
ac_cv_type_signal=void

## ----------------- ##
## Output variables. ##
## ----------------- ##

CC='gcc'
CFLAGS='  -O3 -fno-strict-aliasing   -fPIC -Wall -pipe -fsigned-char   '
CPP='gcc -E'
CPPFLAGS=''
CROSS_SIMULATOR=''
CXX=''
CXXFLAGS=''
DEFS='-DHAVE_CONFIG_H'
DLLTYPE='nodll'
DYNMOD_LDFLAGS='-shared'
DYNMOD_SHAREDLIB_EXTENSION='so'
ECHO_C=''
ECHO_N='-n'
ECHO_T=''
EGREP='/usr/bin/grep -E'
EXEEXT=''
GPPCFLAGS=''
GPPWNTFLAG=''
GREP='/usr/bin/grep'
INSTALL_DATA='${INSTALL} -m 644'
INSTALL_PROGRAM='${INSTALL}'
INSTALL_SCRIPT='${INSTALL}'
INTERPROLOGOBJ=''
INTERPROLOGSRC=''
JAVA_HEADER_PATH=''
JAVA_PLATFORM_HEADER_PATH=''
LD='gcc'
LDFLAGS='  -lm -ldl -lpthread'
LIBOBJS=''
LIBS=' -lpthread -lnsl -ldl -lm '
LTLIBOBJS=''
MEMFLAG=''
OBJEXT='o'
ODBCOBJ=''
ODBCSRC=''
ODBC_CFLAGS=''
PACKAGE_BUGREPORT=''
PACKAGE_NAME=''
PACKAGE_STRING=''
PACKAGE_TARNAME=''
PACKAGE_URL=''
PACKAGE_VERSION=''
PATH_SEPARATOR=':'
SET_MAKE=''
SHELL='/bin/sh'
XASPDEFFILE=''
XASPLIBNAME=''
XSBMOD_LDFLAGS=' -nodefaultlibs -nostartfiles '
XSB_INTERPROLOG=''
ac_ct_CC='gcc'
ac_ct_CXX=''
arch_bindir='/tmp/XSB-25-06-26-17_02_22/config/x86_64-pc-linux-gnu/bin'
arch_config_file='/tmp/XSB-25-06-26-17_02_22/config/x86_64-pc-linux-gnu/lib/xsb_configuration.P'
arch_config_libdir='/tmp/XSB-25-06-26-17_02_22/config/x86_64-pc-linux-gnu/lib'
arch_config_prefix='/tmp/XSB-25-06-26-17_02_22/config/x86_64-pc-linux-gnu'
arch_install_config_prefix='/tmp/XSB-25-06-26-17_02_22/config/x86_64-pc-linux-gnu'
bindir='${exec_prefix}/bin'
build='x86_64-pc-linux-gnu'
build_alias=''
build_cpu='x86_64'
build_os='linux-gnu'
build_vendor='pc'
builtinsCFLAGS=' -O3 -fno-strict-aliasing   -fPIC -Wall -pipe -fsigned-char '
call_scheme='__cdecl'
canonical='x86_64-pc-linux-gnu'
compile_mode='optimal'
config_ln_command='ln -s '
config_tag=''
datadir='${datarootdir}'
datarootdir='${prefix}/share'
docdir='${datarootdir}/doc/${PACKAGE}'
dvidir='${docdir}'
emudir='/tmp/XSB-25-06-26-17_02_22/emu'
emuloopCFLAGS=' -O3 -fno-strict-aliasing   -fPIC -Wall -pipe -fsigned-char '
emumake_goal='xsb'
engine_mode='slg-wam'
exec_prefix='${prefix}'
force_dynmodule='yes'
full_config_name='x86_64-pc-linux-gnu'
has_gcc='yes'
host='x86_64-pc-linux-gnu'
host_alias=''
host_cpu='x86_64'
host_os='linux-gnu'
host_vendor='pc'
htmldir='${docdir}'
includedir='${prefix}/include'
infodir='${datarootdir}/info'
itkwish_path='no'
java_compiler='/usr/bin/javac'
java_path='/usr/lib/jvm/java-23-openjdk/include'
libdir='/tmp/XSB-25-06-26-17_02_22/lib'
libexecdir='${exec_prefix}/libexec'
loaderCFLAGS=' -O3 -fno-strict-aliasing   -fPIC -Wall -pipe -fsigned-char '
localedir='${datarootdir}/locale'
localstatedir='${prefix}/var'
mandir='${datarootdir}/man'
mno_cyg_inclib=''
mno_cyg_lib=''
mt_mode=''
oldincludedir='/usr/include'
os_type='linux-gnu'
os_version=''
pdfdir='${docdir}'
prefix='/tmp/XSB-25-06-26-17_02_22'
program_transform_name='s,x,x,'
psdir='${docdir}'
regmatch_support='yes'
release_day='15'
release_month='5'
release_monthname='May'
release_year='2022'
runstatedir='${localstatedir}/run'
sbindir='${exec_prefix}/sbin'
sharedstatedir='${prefix}/com'
site_prefix='/tmp/XSB-25-06-26-17_02_22/site'
smoCFLAGS=''
smoLDFLAGS=''
smoLIB=''
smodels_goal='nope'
sysconfdir='${prefix}/etc'
target_alias=''
topdir='/tmp/XSB-25-06-26-17_02_22'
trutilsCFLAGS=' -O3 -fno-strict-aliasing   -fPIC -Wall -pipe -fsigned-char '
wildmatch_support='yes'
with_smodels=''
word_size='64'
xsb_beta_version=''
xsb_build_date='2025-06-26'
xsb_codename='Green Tea'
xsb_full_version_name='5.0.0 (Green Tea)'
xsb_major_version='5'
xsb_minor_version='0'
xsb_obj_extension='.xwam'
xsb_patch_date='Build date: 2025-06-26'
xsb_patch_version='0'
xsb_release_date='2022-05-15'
xsb_scheduling_strategy='local'
xsb_version='5.0.0'

## ----------- ##
## confdefs.h. ##
## ----------- ##

/* confdefs.h */
#define PACKAGE_NAME ""
#define PACKAGE_TARNAME ""
#define PACKAGE_VERSION ""
#define PACKAGE_STRING ""
#define PACKAGE_BUGREPORT ""
#define PACKAGE_URL ""
#define CONFIG_INCLUDED 1
#define ___ALWAYS_TRUE___ 1
#define XSB_VERSION "5.0.0 (Green Tea)"
#define RELEASE_DATE 2022-05-15
#define RELEASE_YEAR 2022
#define RELEASE_MONTH 5
#define RELEASE_DAY 15
#define LOCAL_EVAL 1
#define GC 1
#define SLG_GC 1
#define STDC_HEADERS 1
#define HAVE_SYS_TYPES_H 1
#define HAVE_SYS_STAT_H 1
#define HAVE_STDLIB_H 1
#define HAVE_STRING_H 1
#define HAVE_MEMORY_H 1
#define HAVE_STRINGS_H 1
#define HAVE_INTTYPES_H 1
#define HAVE_STDINT_H 1
#define HAVE_UNISTD_H 1
#define __EXTENSIONS__ 1
#define _ALL_SOURCE 1
#define _GNU_SOURCE 1
#define _POSIX_PTHREAD_SEMANTICS 1
#define _TANDEM_SOURCE 1
#define CC "gcc"
#define SIZEOF_LONG_INT 8
#define BITS64 1
#define HAVE_LIBM 1
#define HAVE_LIBDL 1
#define HAVE_LIBNSL 1
#define HAVE_LIBPTHREAD 1
#define HAVE_READLINE 1
#define HAVE_STDARG_H 1
#define HAVE_SYS_TIME_H 1
#define TIME_WITH_SYS_TIME 1
#define HAVE_MALLOC 1
#define HAVE_UNISTD_H 1
#define HAVE_STRING_H 1
#define HAVE_STDLIB_H 1
#define RETSIGTYPE void
#define HAVE_STRDUP 1
#define HAVE_MKDIR 1
#define HAVE_GETHOSTBYNAME 1
#define HAVE_GETTIMEOFDAY 1
#define HAVE_SOCKET 1
#define HAVE_SNPRINTF 1
#define HAVE_REGEXEC 1
#define HAVE_REGERROR 1
#define HAVE_REGCOMP 1
#define HAVE_FNMATCH 1
#define HAVE_GLOB 1
#define HAVE_GLOBFREE 1
#define HAVE_EXECVP 1
#define JUMPTABLE_EMULOOP 1
#define INSN_BLOCKS 1
#define LINUX 1
#define _GNU_SOURCE 1
#define LINUX_ELF 1
#define FOREIGN_ELF 1
#define HAVE_SYS_RESOURCE_H 1
#define CONFIGURATION "x86_64-pc-linux-gnu"
#define FULL_CONFIG_NAME "x86_64-pc-linux-gnu"

configure: exit 0
